[2025-06-16T00:45:49.709+0000][0.008s][10493][10499][debug] Minimum heap 8589934592  Initial heap 8589934592  Maximum heap 8589934592
[2025-06-16T00:45:49.709+0000][0.008s][10493][10499][trace] 1: Minimum young 1677721600  Initial young 1677721600  Maximum young 1677721600
[2025-06-16T00:45:49.709+0000][0.008s][10493][10499][trace] Minimum old 65536  Initial old 6912212992  Maximum old 6912212992
[2025-06-16T00:45:49.709+0000][0.008s][10493][10499][trace] Trying to allocate at address 0x0000000600000000 heap of size 0x200000000
[2025-06-16T00:46:01.183+0000][11.482s][10493][10499][info ] Using Concurrent Mark Sweep
[2025-06-16T00:46:01.189+0000][11.487s][10493][10499][info ] Heap address: 0x0000000600000000, size: 8192 MB, Compressed Oops mode: Zero based, Oop shift amount: 3
[2025-06-16T00:46:01.827+0000][12.125s][10493][10568][info ] Application time: 0.2836547 seconds
[2025-06-16T00:46:01.827+0000][12.125s][10493][10568][info ] Entering safepoint region: Deoptimize
[2025-06-16T00:46:01.827+0000][12.125s][10493][10568][info ] Leaving safepoint region
[2025-06-16T00:46:01.827+0000][12.125s][10493][10568][info ] Total time for which application threads were stopped: 0.0002213 seconds, Stopping threads took: 0.0000195 seconds
[2025-06-16T00:46:01.844+0000][12.143s][10493][10568][info ] Application time: 0.0171504 seconds
[2025-06-16T00:46:01.844+0000][12.143s][10493][10568][info ] Entering safepoint region: Deoptimize
[2025-06-16T00:46:01.844+0000][12.143s][10493][10568][info ] Leaving safepoint region
[2025-06-16T00:46:01.844+0000][12.143s][10493][10568][info ] Total time for which application threads were stopped: 0.0001444 seconds, Stopping threads took: 0.0000144 seconds
[2025-06-16T00:46:01.928+0000][12.226s][10493][10568][info ] Application time: 0.0835514 seconds
[2025-06-16T00:46:01.928+0000][12.226s][10493][10568][info ] Entering safepoint region: Deoptimize
[2025-06-16T00:46:01.928+0000][12.227s][10493][10568][info ] Leaving safepoint region
[2025-06-16T00:46:01.928+0000][12.227s][10493][10568][info ] Total time for which application threads were stopped: 0.0001678 seconds, Stopping threads took: 0.0000163 seconds
[2025-06-16T00:46:02.663+0000][12.961s][10493][10568][info ] Application time: 0.7347010 seconds
[2025-06-16T00:46:02.663+0000][12.962s][10493][10568][info ] Entering safepoint region: ICBufferFull
[2025-06-16T00:46:02.663+0000][12.962s][10493][10568][info ] Leaving safepoint region
[2025-06-16T00:46:02.663+0000][12.962s][10493][10568][info ] Total time for which application threads were stopped: 0.0002713 seconds, Stopping threads took: 0.0000395 seconds
[2025-06-16T00:46:03.177+0000][13.475s][10493][10568][info ] Application time: 0.5133422 seconds
[2025-06-16T00:46:03.177+0000][13.475s][10493][10568][info ] Entering safepoint region: CollectForMetadataAllocation
[2025-06-16T00:46:03.177+0000][13.476s][10493][10568][info ] Leaving safepoint region
[2025-06-16T00:46:03.177+0000][13.476s][10493][10568][info ] Total time for which application threads were stopped: 0.0006208 seconds, Stopping threads took: 0.0000179 seconds
[2025-06-16T00:46:03.226+0000][13.524s][10493][10568][info ] Application time: 0.0484655 seconds
[2025-06-16T00:46:03.226+0000][13.524s][10493][10568][info ] Entering safepoint region: CollectForMetadataAllocation
[2025-06-16T00:46:03.227+0000][13.525s][10493][10568][info ] Leaving safepoint region
[2025-06-16T00:46:03.227+0000][13.525s][10493][10568][info ] Total time for which application threads were stopped: 0.0007700 seconds, Stopping threads took: 0.0000176 seconds
[2025-06-16T00:46:03.227+0000][13.525s][10493][10568][info ] Application time: 0.0002426 seconds
[2025-06-16T00:46:03.227+0000][13.525s][10493][10568][info ] Entering safepoint region: Deoptimize
[2025-06-16T00:46:03.227+0000][13.526s][10493][10568][info ] Leaving safepoint region
[2025-06-16T00:46:03.227+0000][13.526s][10493][10568][info ] Total time for which application threads were stopped: 0.0002332 seconds, Stopping threads took: 0.0000154 seconds
[2025-06-16T00:46:03.250+0000][13.548s][10493][10568][info ] Application time: 0.0225255 seconds
[2025-06-16T00:46:03.250+0000][13.548s][10493][10568][info ] Entering safepoint region: Deoptimize
[2025-06-16T00:46:03.250+0000][13.549s][10493][10568][info ] Leaving safepoint region
[2025-06-16T00:46:03.250+0000][13.549s][10493][10568][info ] Total time for which application threads were stopped: 0.0002997 seconds, Stopping threads took: 0.0000252 seconds
[2025-06-16T00:46:03.264+0000][13.563s][10493][10568][info ] Application time: 0.0143482 seconds
[2025-06-16T00:46:03.265+0000][13.563s][10493][10568][info ] Entering safepoint region: CollectForMetadataAllocation
[2025-06-16T00:46:03.266+0000][13.564s][10493][10568][info ] Leaving safepoint region
[2025-06-16T00:46:03.266+0000][13.564s][10493][10568][info ] Total time for which application threads were stopped: 0.0012436 seconds, Stopping threads took: 0.0000215 seconds
[2025-06-16T00:46:03.376+0000][13.675s][10493][10568][info ] Application time: 0.1105648 seconds
[2025-06-16T00:46:03.376+0000][13.675s][10493][10568][info ] Entering safepoint region: CollectForMetadataAllocation
[2025-06-16T00:46:03.379+0000][13.678s][10493][10568][info ] Leaving safepoint region
[2025-06-16T00:46:03.379+0000][13.678s][10493][10568][info ] Total time for which application threads were stopped: 0.0026083 seconds, Stopping threads took: 0.0000141 seconds
[2025-06-16T00:46:03.412+0000][13.711s][10493][10568][info ] Application time: 0.0330848 seconds
[2025-06-16T00:46:03.412+0000][13.711s][10493][10568][info ] Entering safepoint region: CollectForMetadataAllocation
[2025-06-16T00:46:03.412+0000][13.711s][10493][10568][info ] Leaving safepoint region
[2025-06-16T00:46:03.412+0000][13.711s][10493][10568][info ] Total time for which application threads were stopped: 0.0002793 seconds, Stopping threads took: 0.0000129 seconds
[2025-06-16T00:46:03.612+0000][13.911s][10493][10568][info ] Application time: 0.1997382 seconds
[2025-06-16T00:46:03.612+0000][13.911s][10493][10568][info ] Entering safepoint region: CollectForMetadataAllocation
[2025-06-16T00:46:03.614+0000][13.912s][10493][10568][info ] Leaving safepoint region
[2025-06-16T00:46:03.614+0000][13.912s][10493][10568][info ] Total time for which application threads were stopped: 0.0013263 seconds, Stopping threads took: 0.0000186 seconds
[2025-06-16T00:46:03.630+0000][13.928s][10493][10568][info ] Application time: 0.0160752 seconds
[2025-06-16T00:46:03.630+0000][13.928s][10493][10568][info ] Entering safepoint region: Deoptimize
[2025-06-16T00:46:03.630+0000][13.929s][10493][10568][info ] Leaving safepoint region
[2025-06-16T00:46:03.630+0000][13.929s][10493][10568][info ] Total time for which application threads were stopped: 0.0002867 seconds, Stopping threads took: 0.0000203 seconds
[2025-06-16T00:46:03.751+0000][14.050s][10493][10568][info ] Application time: 0.1209546 seconds
[2025-06-16T00:46:03.751+0000][14.050s][10493][10568][info ] Entering safepoint region: CollectForMetadataAllocation
[2025-06-16T00:46:03.751+0000][14.050s][10493][10568][info ] Leaving safepoint region
[2025-06-16T00:46:03.751+0000][14.050s][10493][10568][info ] Total time for which application threads were stopped: 0.0002493 seconds, Stopping threads took: 0.0000296 seconds
[2025-06-16T00:46:03.766+0000][14.064s][10493][10568][info ] Application time: 0.0141530 seconds
[2025-06-16T00:46:03.766+0000][14.064s][10493][10568][info ] Entering safepoint region: CollectForMetadataAllocation
[2025-06-16T00:46:03.766+0000][14.064s][10493][10568][info ] Leaving safepoint region
[2025-06-16T00:46:03.766+0000][14.064s][10493][10568][info ] Total time for which application threads were stopped: 0.0003779 seconds, Stopping threads took: 0.0000186 seconds
[2025-06-16T00:46:03.797+0000][14.095s][10493][10568][info ] Application time: 0.0308861 seconds
[2025-06-16T00:46:03.797+0000][14.095s][10493][10568][info ] Entering safepoint region: CollectForMetadataAllocation
[2025-06-16T00:46:03.797+0000][14.096s][10493][10568][info ] Leaving safepoint region
[2025-06-16T00:46:03.797+0000][14.096s][10493][10568][info ] Total time for which application threads were stopped: 0.0002669 seconds, Stopping threads took: 0.0000130 seconds
[2025-06-16T00:46:03.840+0000][14.139s][10493][10568][info ] Application time: 0.0430100 seconds
[2025-06-16T00:46:03.840+0000][14.139s][10493][10568][info ] Entering safepoint region: Deoptimize
[2025-06-16T00:46:03.841+0000][14.139s][10493][10568][info ] Leaving safepoint region
[2025-06-16T00:46:03.841+0000][14.139s][10493][10568][info ] Total time for which application threads were stopped: 0.0003062 seconds, Stopping threads took: 0.0000140 seconds
[2025-06-16T00:46:03.842+0000][14.141s][10493][10568][info ] Application time: 0.0018020 seconds
[2025-06-16T00:46:03.842+0000][14.141s][10493][10568][info ] Entering safepoint region: CollectForMetadataAllocation
[2025-06-16T00:46:03.844+0000][14.143s][10493][10568][info ] Leaving safepoint region
[2025-06-16T00:46:03.844+0000][14.143s][10493][10568][info ] Total time for which application threads were stopped: 0.0016581 seconds, Stopping threads took: 0.0000163 seconds
[2025-06-16T00:46:03.853+0000][14.152s][10493][10568][info ] Application time: 0.0090431 seconds
[2025-06-16T00:46:03.853+0000][14.152s][10493][10568][info ] Entering safepoint region: Deoptimize
[2025-06-16T00:46:03.854+0000][14.152s][10493][10568][info ] Leaving safepoint region
[2025-06-16T00:46:03.854+0000][14.152s][10493][10568][info ] Total time for which application threads were stopped: 0.0003253 seconds, Stopping threads took: 0.0000163 seconds
[2025-06-16T00:46:03.854+0000][14.153s][10493][10568][info ] Application time: 0.0004529 seconds
[2025-06-16T00:46:03.854+0000][14.153s][10493][10568][info ] Entering safepoint region: Deoptimize
[2025-06-16T00:46:03.854+0000][14.153s][10493][10568][info ] Leaving safepoint region
[2025-06-16T00:46:03.854+0000][14.153s][10493][10568][info ] Total time for which application threads were stopped: 0.0001418 seconds, Stopping threads took: 0.0000140 seconds
[2025-06-16T00:46:03.943+0000][14.241s][10493][10568][info ] Application time: 0.0884387 seconds
[2025-06-16T00:46:03.943+0000][14.241s][10493][10568][info ] Entering safepoint region: CollectForMetadataAllocation
[2025-06-16T00:46:03.945+0000][14.243s][10493][10568][info ] Leaving safepoint region
[2025-06-16T00:46:03.945+0000][14.243s][10493][10568][info ] Total time for which application threads were stopped: 0.0020741 seconds, Stopping threads took: 0.0000188 seconds
[2025-06-16T00:46:03.947+0000][14.245s][10493][10568][info ] Application time: 0.0017493 seconds
[2025-06-16T00:46:03.947+0000][14.245s][10493][10568][info ] Entering safepoint region: Deoptimize
[2025-06-16T00:46:03.947+0000][14.246s][10493][10568][info ] Leaving safepoint region
[2025-06-16T00:46:03.947+0000][14.246s][10493][10568][info ] Total time for which application threads were stopped: 0.0005228 seconds, Stopping threads took: 0.0000346 seconds
[2025-06-16T00:46:03.972+0000][14.270s][10493][10568][info ] Application time: 0.0247907 seconds
[2025-06-16T00:46:03.972+0000][14.270s][10493][10568][info ] Entering safepoint region: CollectForMetadataAllocation
[2025-06-16T00:46:03.974+0000][14.272s][10493][10568][info ] Leaving safepoint region
[2025-06-16T00:46:03.974+0000][14.272s][10493][10568][info ] Total time for which application threads were stopped: 0.0019909 seconds, Stopping threads took: 0.0000173 seconds
[2025-06-16T00:46:03.999+0000][14.297s][10493][10568][info ] Application time: 0.0247614 seconds
[2025-06-16T00:46:03.999+0000][14.297s][10493][10568][info ] Entering safepoint region: CollectForMetadataAllocation
[2025-06-16T00:46:03.999+0000][14.298s][10493][10568][info ] Leaving safepoint region
[2025-06-16T00:46:03.999+0000][14.298s][10493][10568][info ] Total time for which application threads were stopped: 0.0003087 seconds, Stopping threads took: 0.0000179 seconds
[2025-06-16T00:46:04.001+0000][14.299s][10493][10568][info ] Application time: 0.0017525 seconds
[2025-06-16T00:46:04.001+0000][14.299s][10493][10568][info ] Entering safepoint region: Deoptimize
[2025-06-16T00:46:04.001+0000][14.300s][10493][10568][info ] Leaving safepoint region
[2025-06-16T00:46:04.001+0000][14.300s][10493][10568][info ] Total time for which application threads were stopped: 0.0003333 seconds, Stopping threads took: 0.0000143 seconds
[2025-06-16T00:46:04.002+0000][14.301s][10493][10568][info ] Application time: 0.0010718 seconds
[2025-06-16T00:46:04.002+0000][14.301s][10493][10568][info ] Entering safepoint region: Deoptimize
[2025-06-16T00:46:04.003+0000][14.301s][10493][10568][info ] Leaving safepoint region
[2025-06-16T00:46:04.003+0000][14.301s][10493][10568][info ] Total time for which application threads were stopped: 0.0002297 seconds, Stopping threads took: 0.0000138 seconds
[2025-06-16T00:46:04.024+0000][14.323s][10493][10568][info ] Application time: 0.0216585 seconds
[2025-06-16T00:46:04.024+0000][14.323s][10493][10568][info ] Entering safepoint region: CollectForMetadataAllocation
[2025-06-16T00:46:04.025+0000][14.324s][10493][10568][info ] Leaving safepoint region
[2025-06-16T00:46:04.025+0000][14.324s][10493][10568][info ] Total time for which application threads were stopped: 0.0009099 seconds, Stopping threads took: 0.0000198 seconds
[2025-06-16T00:46:04.041+0000][14.340s][10493][10568][info ] Application time: 0.0159656 seconds
[2025-06-16T00:46:04.041+0000][14.340s][10493][10568][info ] Entering safepoint region: CollectForMetadataAllocation
[2025-06-16T00:46:04.042+0000][14.341s][10493][10568][info ] Leaving safepoint region
[2025-06-16T00:46:04.042+0000][14.341s][10493][10568][info ] Total time for which application threads were stopped: 0.0009733 seconds, Stopping threads took: 0.0000138 seconds
[2025-06-16T00:46:04.051+0000][14.349s][10493][10568][info ] Application time: 0.0084629 seconds
[2025-06-16T00:46:04.051+0000][14.349s][10493][10568][info ] Entering safepoint region: CollectForMetadataAllocation
[2025-06-16T00:46:04.051+0000][14.349s][10493][10568][info ] Leaving safepoint region
[2025-06-16T00:46:04.051+0000][14.350s][10493][10568][info ] Total time for which application threads were stopped: 0.0002376 seconds, Stopping threads took: 0.0000137 seconds
[2025-06-16T00:46:04.100+0000][14.398s][10493][10568][info ] Application time: 0.0485254 seconds
[2025-06-16T00:46:04.100+0000][14.398s][10493][10568][info ] Entering safepoint region: CollectForMetadataAllocation
[2025-06-16T00:46:04.101+0000][14.400s][10493][10568][info ] Leaving safepoint region
[2025-06-16T00:46:04.101+0000][14.400s][10493][10568][info ] Total time for which application threads were stopped: 0.0014260 seconds, Stopping threads took: 0.0000224 seconds
[2025-06-16T00:46:04.108+0000][14.406s][10493][10568][info ] Application time: 0.0065713 seconds
[2025-06-16T00:46:04.108+0000][14.406s][10493][10568][info ] Entering safepoint region: Deoptimize
[2025-06-16T00:46:04.108+0000][14.407s][10493][10568][info ] Leaving safepoint region
[2025-06-16T00:46:04.108+0000][14.407s][10493][10568][info ] Total time for which application threads were stopped: 0.0003319 seconds, Stopping threads took: 0.0000113 seconds
[2025-06-16T00:46:04.120+0000][14.419s][10493][10568][info ] Application time: 0.0120195 seconds
[2025-06-16T00:46:04.120+0000][14.419s][10493][10568][info ] Entering safepoint region: CollectForMetadataAllocation
[2025-06-16T00:46:04.120+0000][14.419s][10493][10568][info ] Leaving safepoint region
[2025-06-16T00:46:04.120+0000][14.419s][10493][10568][info ] Total time for which application threads were stopped: 0.0002719 seconds, Stopping threads took: 0.0000114 seconds
[2025-06-16T00:46:04.138+0000][14.437s][10493][10568][info ] Application time: 0.0178837 seconds
[2025-06-16T00:46:04.138+0000][14.437s][10493][10568][info ] Entering safepoint region: CollectForMetadataAllocation
[2025-06-16T00:46:04.139+0000][14.438s][10493][10568][info ] Leaving safepoint region
[2025-06-16T00:46:04.139+0000][14.438s][10493][10568][info ] Total time for which application threads were stopped: 0.0010579 seconds, Stopping threads took: 0.0000107 seconds
[2025-06-16T00:46:04.157+0000][14.455s][10493][10568][info ] Application time: 0.0174152 seconds
[2025-06-16T00:46:04.157+0000][14.455s][10493][10568][info ] Entering safepoint region: CollectForMetadataAllocation
[2025-06-16T00:46:04.157+0000][14.456s][10493][10568][info ] Leaving safepoint region
[2025-06-16T00:46:04.157+0000][14.456s][10493][10568][info ] Total time for which application threads were stopped: 0.0003598 seconds, Stopping threads took: 0.0000229 seconds
[2025-06-16T00:46:04.196+0000][14.495s][10493][10568][info ] Application time: 0.0388999 seconds
[2025-06-16T00:46:04.196+0000][14.495s][10493][10568][info ] Entering safepoint region: CollectForMetadataAllocation
[2025-06-16T00:46:04.197+0000][14.495s][10493][10568][info ] Leaving safepoint region
[2025-06-16T00:46:04.197+0000][14.495s][10493][10568][info ] Total time for which application threads were stopped: 0.0007948 seconds, Stopping threads took: 0.0000136 seconds
[2025-06-16T00:46:04.204+0000][14.502s][10493][10568][info ] Application time: 0.0068742 seconds
[2025-06-16T00:46:04.204+0000][14.502s][10493][10568][info ] Entering safepoint region: CollectForMetadataAllocation
[2025-06-16T00:46:04.205+0000][14.504s][10493][10568][info ] Leaving safepoint region
[2025-06-16T00:46:04.205+0000][14.504s][10493][10568][info ] Total time for which application threads were stopped: 0.0012584 seconds, Stopping threads took: 0.0000108 seconds
[2025-06-16T00:46:04.242+0000][14.541s][10493][10568][info ] Application time: 0.0372660 seconds
[2025-06-16T00:46:04.243+0000][14.541s][10493][10568][info ] Entering safepoint region: CollectForMetadataAllocation
[2025-06-16T00:46:04.243+0000][14.542s][10493][10568][info ] Leaving safepoint region
[2025-06-16T00:46:04.243+0000][14.542s][10493][10568][info ] Total time for which application threads were stopped: 0.0007003 seconds, Stopping threads took: 0.0000147 seconds
[2025-06-16T00:46:04.283+0000][14.581s][10493][10568][info ] Application time: 0.0397620 seconds
[2025-06-16T00:46:04.283+0000][14.582s][10493][10568][info ] Entering safepoint region: CollectForMetadataAllocation
[2025-06-16T00:46:04.284+0000][14.582s][10493][10568][info ] Leaving safepoint region
[2025-06-16T00:46:04.284+0000][14.582s][10493][10568][info ] Total time for which application threads were stopped: 0.0007089 seconds, Stopping threads took: 0.0000145 seconds
[2025-06-16T00:46:04.317+0000][14.615s][10493][10568][info ] Application time: 0.0329362 seconds
[2025-06-16T00:46:04.317+0000][14.615s][10493][10568][info ] Entering safepoint region: CollectForMetadataAllocation
[2025-06-16T00:46:04.318+0000][14.617s][10493][10568][info ] Leaving safepoint region
[2025-06-16T00:46:04.318+0000][14.617s][10493][10568][info ] Total time for which application threads were stopped: 0.0013724 seconds, Stopping threads took: 0.0000144 seconds
[2025-06-16T00:46:04.448+0000][14.746s][10493][10568][info ] Application time: 0.1295384 seconds
[2025-06-16T00:46:04.448+0000][14.747s][10493][10568][info ] Entering safepoint region: CollectForMetadataAllocation
[2025-06-16T00:46:04.448+0000][14.747s][10493][10568][info ] Leaving safepoint region
[2025-06-16T00:46:04.448+0000][14.747s][10493][10568][info ] Total time for which application threads were stopped: 0.0004331 seconds, Stopping threads took: 0.0002067 seconds
[2025-06-16T00:46:04.488+0000][14.787s][10493][10568][info ] Application time: 0.0398923 seconds
[2025-06-16T00:46:04.488+0000][14.787s][10493][10568][info ] Entering safepoint region: CollectForMetadataAllocation
[2025-06-16T00:46:04.488+0000][14.787s][10493][10568][info ] Leaving safepoint region
[2025-06-16T00:46:04.488+0000][14.787s][10493][10568][info ] Total time for which application threads were stopped: 0.0001876 seconds, Stopping threads took: 0.0000120 seconds
[2025-06-16T00:46:04.517+0000][14.816s][10493][10568][info ] Application time: 0.0288842 seconds
[2025-06-16T00:46:04.517+0000][14.816s][10493][10568][info ] Entering safepoint region: CollectForMetadataAllocation
[2025-06-16T00:46:04.518+0000][14.816s][10493][10568][info ] Leaving safepoint region
[2025-06-16T00:46:04.518+0000][14.816s][10493][10568][info ] Total time for which application threads were stopped: 0.0005305 seconds, Stopping threads took: 0.0000130 seconds
[2025-06-16T00:46:04.548+0000][14.846s][10493][10568][info ] Application time: 0.0295764 seconds
[2025-06-16T00:46:04.548+0000][14.846s][10493][10568][info ] Entering safepoint region: CollectForMetadataAllocation
[2025-06-16T00:46:04.549+0000][14.847s][10493][10568][info ] Leaving safepoint region
[2025-06-16T00:46:04.549+0000][14.847s][10493][10568][info ] Total time for which application threads were stopped: 0.0010190 seconds, Stopping threads took: 0.0000172 seconds
[2025-06-16T00:46:04.670+0000][14.969s][10493][10568][info ] Application time: 0.1215497 seconds
[2025-06-16T00:46:04.670+0000][14.969s][10493][10568][info ] Entering safepoint region: CollectForMetadataAllocation
[2025-06-16T00:46:04.671+0000][14.970s][10493][10568][info ] Leaving safepoint region
[2025-06-16T00:46:04.671+0000][14.970s][10493][10568][info ] Total time for which application threads were stopped: 0.0009296 seconds, Stopping threads took: 0.0001431 seconds
[2025-06-16T00:46:04.703+0000][15.002s][10493][10568][info ] Application time: 0.0322850 seconds
[2025-06-16T00:46:04.704+0000][15.002s][10493][10568][info ] Entering safepoint region: CollectForMetadataAllocation
[2025-06-16T00:46:04.705+0000][15.003s][10493][10568][info ] Leaving safepoint region
[2025-06-16T00:46:04.705+0000][15.003s][10493][10568][info ] Total time for which application threads were stopped: 0.0011666 seconds, Stopping threads took: 0.0003478 seconds
[2025-06-16T00:46:04.743+0000][15.042s][10493][10568][info ] Application time: 0.0383713 seconds
[2025-06-16T00:46:04.743+0000][15.042s][10493][10568][info ] Entering safepoint region: CollectForMetadataAllocation
[2025-06-16T00:46:04.744+0000][15.042s][10493][10568][info ] Leaving safepoint region
[2025-06-16T00:46:04.744+0000][15.042s][10493][10568][info ] Total time for which application threads were stopped: 0.0007574 seconds, Stopping threads took: 0.0000505 seconds
[2025-06-16T00:46:04.805+0000][15.104s][10493][10568][info ] Application time: 0.0612731 seconds
[2025-06-16T00:46:04.805+0000][15.104s][10493][10568][info ] Entering safepoint region: CollectForMetadataAllocation
[2025-06-16T00:46:04.806+0000][15.105s][10493][10568][info ] Leaving safepoint region
[2025-06-16T00:46:04.806+0000][15.105s][10493][10568][info ] Total time for which application threads were stopped: 0.0009940 seconds, Stopping threads took: 0.0000267 seconds
[2025-06-16T00:46:04.835+0000][15.134s][10493][10568][info ] Application time: 0.0288899 seconds
[2025-06-16T00:46:04.835+0000][15.134s][10493][10568][info ] Entering safepoint region: CollectForMetadataAllocation
[2025-06-16T00:46:04.836+0000][15.134s][10493][10568][info ] Leaving safepoint region
[2025-06-16T00:46:04.836+0000][15.134s][10493][10568][info ] Total time for which application threads were stopped: 0.0005544 seconds, Stopping threads took: 0.0000609 seconds
[2025-06-16T00:46:04.836+0000][15.134s][10493][10568][info ] Application time: 0.0001081 seconds
[2025-06-16T00:46:04.836+0000][15.135s][10493][10568][info ] Entering safepoint region: CollectForMetadataAllocation
[2025-06-16T00:46:04.836+0000][15.135s][10493][10568][info ] Leaving safepoint region
[2025-06-16T00:46:04.836+0000][15.135s][10493][10568][info ] Total time for which application threads were stopped: 0.0004416 seconds, Stopping threads took: 0.0004090 seconds
[2025-06-16T00:46:04.851+0000][15.149s][10493][10568][info ] Application time: 0.0141672 seconds
[2025-06-16T00:46:04.851+0000][15.149s][10493][10568][info ] Entering safepoint region: Deoptimize
[2025-06-16T00:46:04.851+0000][15.150s][10493][10568][info ] Leaving safepoint region
[2025-06-16T00:46:04.851+0000][15.150s][10493][10568][info ] Total time for which application threads were stopped: 0.0006515 seconds, Stopping threads took: 0.0002473 seconds
[2025-06-16T00:46:04.857+0000][15.156s][10493][10568][info ] Application time: 0.0058857 seconds
[2025-06-16T00:46:04.858+0000][15.156s][10493][10568][info ] Entering safepoint region: CollectForMetadataAllocation
[2025-06-16T00:46:04.858+0000][15.157s][10493][10568][info ] Leaving safepoint region
[2025-06-16T00:46:04.858+0000][15.157s][10493][10568][info ] Total time for which application threads were stopped: 0.0012190 seconds, Stopping threads took: 0.0004604 seconds
[2025-06-16T00:46:04.869+0000][15.167s][10493][10568][info ] Application time: 0.0103664 seconds
[2025-06-16T00:46:04.869+0000][15.168s][10493][10568][info ] Entering safepoint region: Deoptimize
[2025-06-16T00:46:04.869+0000][15.168s][10493][10568][info ] Leaving safepoint region
[2025-06-16T00:46:04.869+0000][15.168s][10493][10568][info ] Total time for which application threads were stopped: 0.0005933 seconds, Stopping threads took: 0.0002287 seconds
[2025-06-16T00:46:04.894+0000][15.192s][10493][10568][info ] Application time: 0.0241951 seconds
[2025-06-16T00:46:04.894+0000][15.192s][10493][10568][info ] Entering safepoint region: CollectForMetadataAllocation
[2025-06-16T00:46:04.895+0000][15.193s][10493][10568][info ] Leaving safepoint region
[2025-06-16T00:46:04.895+0000][15.193s][10493][10568][info ] Total time for which application threads were stopped: 0.0012529 seconds, Stopping threads took: 0.0000822 seconds
[2025-06-16T00:46:04.914+0000][15.213s][10493][10568][info ] Application time: 0.0191198 seconds
[2025-06-16T00:46:04.914+0000][15.213s][10493][10568][info ] Entering safepoint region: CollectForMetadataAllocation
[2025-06-16T00:46:04.916+0000][15.214s][10493][10568][info ] Leaving safepoint region
[2025-06-16T00:46:04.916+0000][15.214s][10493][10568][info ] Total time for which application threads were stopped: 0.0016616 seconds, Stopping threads took: 0.0001609 seconds
[2025-06-16T00:46:04.932+0000][15.231s][10493][10568][info ] Application time: 0.0162153 seconds
[2025-06-16T00:46:04.932+0000][15.231s][10493][10568][info ] Entering safepoint region: CollectForMetadataAllocation
[2025-06-16T00:46:04.934+0000][15.232s][10493][10568][info ] Leaving safepoint region
[2025-06-16T00:46:04.934+0000][15.232s][10493][10568][info ] Total time for which application threads were stopped: 0.0015795 seconds, Stopping threads took: 0.0003077 seconds
[2025-06-16T00:46:04.948+0000][15.246s][10493][10568][info ] Application time: 0.0142191 seconds
[2025-06-16T00:46:04.948+0000][15.247s][10493][10568][info ] Entering safepoint region: CollectForMetadataAllocation
[2025-06-16T00:46:04.949+0000][15.248s][10493][10568][info ] Leaving safepoint region
[2025-06-16T00:46:04.949+0000][15.248s][10493][10568][info ] Total time for which application threads were stopped: 0.0012727 seconds, Stopping threads took: 0.0003471 seconds
[2025-06-16T00:46:04.961+0000][15.259s][10493][10568][info ] Application time: 0.0112713 seconds
[2025-06-16T00:46:04.961+0000][15.259s][10493][10568][info ] Entering safepoint region: CollectForMetadataAllocation
[2025-06-16T00:46:04.961+0000][15.259s][10493][10568][info ] Leaving safepoint region
[2025-06-16T00:46:04.961+0000][15.259s][10493][10568][info ] Total time for which application threads were stopped: 0.0002124 seconds, Stopping threads took: 0.0000407 seconds
[2025-06-16T00:46:04.996+0000][15.294s][10493][10568][info ] Application time: 0.0347929 seconds
[2025-06-16T00:46:04.997+0000][15.296s][10493][10568][info ] Entering safepoint region: CollectForMetadataAllocation
[2025-06-16T00:46:04.998+0000][15.296s][10493][10568][info ] Leaving safepoint region
[2025-06-16T00:46:04.998+0000][15.296s][10493][10568][info ] Total time for which application threads were stopped: 0.0021687 seconds, Stopping threads took: 0.0015424 seconds
[2025-06-16T00:46:05.003+0000][15.302s][10493][10567][trace] CMS: promo attempt is safe: available(6912212992) >= av_promo(0), max_promo(429497520)
[2025-06-16T00:46:05.003+0000][15.302s][10493][10499][info ] Heap
[2025-06-16T00:46:05.004+0000][15.302s][10493][10499][info ]  par new generation   total 1474560K, used 419431K [0x0000000600000000, 0x0000000664000000, 0x0000000664000000)
[2025-06-16T00:46:05.004+0000][15.303s][10493][10499][info ]   eden space 1310720K,  32% used [0x0000000600000000, 0x0000000619999cb0, 0x0000000650000000)
[2025-06-16T00:46:05.004+0000][15.303s][10493][10499][info ]   from space 163840K,   0% used [0x0000000650000000, 0x0000000650000000, 0x000000065a000000)
[2025-06-16T00:46:05.004+0000][15.303s][10493][10499][info ]   to   space 163840K,   0% used [0x000000065a000000, 0x000000065a000000, 0x0000000664000000)
[2025-06-16T00:46:05.004+0000][15.303s][10493][10499][info ]  concurrent mark-sweep generation total 6750208K, used 0K [0x0000000664000000, 0x0000000800000000, 0x0000000800000000)
[2025-06-16T00:46:05.004+0000][15.303s][10493][10499][info ]  Metaspace       used 33651K, capacity 34290K, committed 34832K, reserved 1081344K
[2025-06-16T00:46:05.004+0000][15.303s][10493][10499][info ]   class space    used 3506K, capacity 3739K, committed 3832K, reserved 1048576K
[2025-06-16T00:46:05.004+0000][15.303s][10493][10499][debug] Accumulated young generation GC time 0.0000000 secs, 0 GC's, avg GC time 0.0000000
[2025-06-16T00:46:05.004+0000][15.303s][10493][10499][debug] Accumulated old generation GC time 0.0000000 secs, 0 GC's, avg GC time 0.0000000
[2025-06-16T00:46:05.004+0000][15.303s][10493][10568][info ] Application time: 0.0065110 seconds
[2025-06-16T00:46:05.004+0000][15.303s][10493][10568][info ] Entering safepoint region: Exit
