INFO  [main] 2025-06-09 17:48:40,212 YamlConfigurationLoader.java:104 - Configuration location: file:/workspace/ds201-lab01/apache-cassandra-4.1.0/conf/cassandra.yaml
INFO  [main] 2025-06-09 17:48:40,416 Config.java:1168 - Node configuration:[allocate_tokens_for_keyspace=null; allocate_tokens_for_local_replication_factor=3; allow_extra_insecure_udfs=false; allow_filtering_enabled=true; allow_insecure_udfs=false; audit_logging_options=AuditLogOptions{enabled=false, logger='BinAuditLogger', included_keyspaces='', excluded_keyspaces='system,system_schema,system_virtual_schema', included_categories='', excluded_categories='', included_users='', excluded_users='', audit_logs_dir='../logs/audit', archive_command='', roll_cycle='HOURLY', block=true, max_queue_weight=268435456, max_log_size=17179869184, max_archive_retries=10}; auth_cache_warming_enabled=false; auth_read_consistency_level=LOCAL_QUORUM; auth_write_consistency_level=EACH_QUORUM; authenticator=AllowAllAuthenticator; authorizer=AllowAllAuthorizer; auto_bootstrap=true; auto_hints_cleanup_enabled=false; auto_optimise_full_repair_streams=false; auto_optimise_inc_repair_streams=false; auto_optimise_preview_repair_streams=false; auto_snapshot=true; auto_snapshot_ttl=null; autocompaction_on_startup_enabled=true; automatic_sstable_upgrade=false; available_processors=-1; back_pressure_enabled=false; back_pressure_strategy=null; batch_size_fail_threshold=50KiB; batch_size_warn_threshold=5KiB; batchlog_replay_throttle=1024KiB; block_for_peers_in_remote_dcs=false; block_for_peers_timeout_in_secs=10; broadcast_address=null; broadcast_rpc_address=null; buffer_pool_use_heap_if_exhausted=false; cache_load_timeout=30s; cas_contention_timeout=1000ms; cdc_block_writes=true; cdc_enabled=false; cdc_free_space_check_interval=250ms; cdc_raw_directory=null; cdc_total_space=0MiB; check_for_duplicate_rows_during_compaction=true; check_for_duplicate_rows_during_reads=true; client_encryption_options=<REDACTED>; client_error_reporting_exclusions=SubnetGroups{subnets=[]}; cluster_name=Test Cluster; collection_size_fail_threshold=null; collection_size_warn_threshold=null; column_index_cache_size=2KiB; column_index_size=64KiB; columns_per_table_fail_threshold=-1; columns_per_table_warn_threshold=-1; commit_failure_policy=stop; commitlog_compression=null; commitlog_directory=null; commitlog_max_compression_buffers_in_pool=3; commitlog_periodic_queue_size=-1; commitlog_segment_size=32MiB; commitlog_sync=periodic; commitlog_sync_batch_window_in_ms=NaN; commitlog_sync_group_window=0ms; commitlog_sync_period=10000ms; commitlog_total_space=null; compact_tables_enabled=true; compaction_large_partition_warning_threshold=100MiB; compaction_throughput=64MiB/s; compaction_tombstone_warning_threshold=100000; concurrent_compactors=null; concurrent_counter_writes=32; concurrent_materialized_view_builders=1; concurrent_materialized_view_writes=32; concurrent_reads=32; concurrent_replicates=null; concurrent_validations=0; concurrent_writes=32; consecutive_message_errors_threshold=1; coordinator_read_size_fail_threshold=null; coordinator_read_size_warn_threshold=null; corrupted_tombstone_strategy=disabled; counter_cache_keys_to_save=2147483647; counter_cache_save_period=7200s; counter_cache_size=null; counter_write_request_timeout=5000ms; credentials_cache_active_update=false; credentials_cache_max_entries=1000; credentials_update_interval=null; credentials_validity=2000ms; data_disk_usage_max_disk_size=null; data_disk_usage_percentage_fail_threshold=-1; data_disk_usage_percentage_warn_threshold=-1; data_file_directories=[Ljava.lang.String;@303e3593; default_keyspace_rf=1; denylist_consistency_level=QUORUM; denylist_initial_load_retry=5s; denylist_max_keys_per_table=1000; denylist_max_keys_total=10000; denylist_range_reads_enabled=true; denylist_reads_enabled=true; denylist_refresh=600s; denylist_writes_enabled=true; diagnostic_events_enabled=false; disk_access_mode=auto; disk_failure_policy=stop; disk_optimization_estimate_percentile=0.95; disk_optimization_page_cross_chance=0.1; disk_optimization_strategy=ssd; drop_compact_storage_enabled=false; drop_truncate_table_enabled=true; dynamic_snitch=true; dynamic_snitch_badness_threshold=1.0; dynamic_snitch_reset_interval=600000ms; dynamic_snitch_update_interval=100ms; endpoint_snitch=SimpleSnitch; entire_sstable_inter_dc_stream_throughput_outbound=24MiB/s; entire_sstable_stream_throughput_outbound=24MiB/s; failure_detector=FailureDetector; fields_per_udt_fail_threshold=-1; fields_per_udt_warn_threshold=-1; file_cache_enabled=false; file_cache_round_up=null; file_cache_size=null; flush_compression=fast; force_new_prepared_statement_behaviour=false; full_query_logging_options=FullQueryLoggerOptions{log_dir='', archive_command='', roll_cycle='HOURLY', block=true, max_queue_weight=268435456, max_log_size=17179869184}; gc_log_threshold=200ms; gc_warn_threshold=1s; group_by_enabled=true; hint_window_persistent_enabled=true; hinted_handoff_disabled_datacenters=[]; hinted_handoff_enabled=true; hinted_handoff_throttle=1024KiB; hints_compression=null; hints_directory=null; hints_flush_period=10000ms; ideal_consistency_level=null; in_select_cartesian_product_fail_threshold=-1; in_select_cartesian_product_warn_threshold=-1; incremental_backups=false; index_summary_capacity=null; index_summary_resize_interval=60m; initial_range_tombstone_list_allocation_size=1; initial_token=null; inter_dc_stream_throughput_outbound=24MiB/s; inter_dc_tcp_nodelay=false; internode_application_receive_queue_capacity=4MiB; internode_application_receive_queue_reserve_endpoint_capacity=128MiB; internode_application_receive_queue_reserve_global_capacity=512MiB; internode_application_send_queue_capacity=4MiB; internode_application_send_queue_reserve_endpoint_capacity=128MiB; internode_application_send_queue_reserve_global_capacity=512MiB; internode_authenticator=null; internode_compression=dc; internode_error_reporting_exclusions=SubnetGroups{subnets=[]}; internode_max_message_size=null; internode_socket_receive_buffer_size=0B; internode_socket_send_buffer_size=0B; internode_streaming_tcp_user_timeout=300s; internode_tcp_connect_timeout=2s; internode_tcp_user_timeout=30s; internode_timeout=true; items_per_collection_fail_threshold=-1; items_per_collection_warn_threshold=-1; key_cache_keys_to_save=2147483647; key_cache_migrate_during_compaction=true; key_cache_save_period=4h; key_cache_size=null; keyspace_count_warn_threshold=40; keyspaces_fail_threshold=-1; keyspaces_warn_threshold=-1; listen_address=localhost; listen_interface=null; listen_interface_prefer_ipv6=false; listen_on_broadcast_address=false; local_read_size_fail_threshold=null; local_read_size_warn_threshold=null; local_system_data_file_directory=null; materialized_views_enabled=false; materialized_views_per_table_fail_threshold=-1; materialized_views_per_table_warn_threshold=-1; max_concurrent_automatic_sstable_upgrades=1; max_hint_window=3h; max_hints_delivery_threads=2; max_hints_file_size=128MiB; max_hints_size_per_host=0B; max_mutation_size=null; max_streaming_retries=3; max_top_size_partition_count=10; max_top_tombstone_partition_count=10; max_value_size=256MiB; memtable=null; memtable_allocation_type=heap_buffers; memtable_cleanup_threshold=null; memtable_flush_writers=0; memtable_heap_space=null; memtable_offheap_space=null; min_free_space_per_drive=50MiB; min_tracked_partition_size=1MiB; min_tracked_partition_tombstone_count=5000; minimum_replication_factor_fail_threshold=-1; minimum_replication_factor_warn_threshold=-1; native_transport_allow_older_protocols=true; native_transport_flush_in_batches_legacy=false; native_transport_idle_timeout=0ms; native_transport_max_concurrent_connections=-1; native_transport_max_concurrent_connections_per_ip=-1; native_transport_max_frame_size=16MiB; native_transport_max_negotiable_protocol_version=null; native_transport_max_request_data_in_flight=null; native_transport_max_request_data_in_flight_per_ip=null; native_transport_max_requests_per_second=1000000; native_transport_max_threads=128; native_transport_port=9042; native_transport_port_ssl=null; native_transport_rate_limiting_enabled=false; native_transport_receive_queue_capacity=1MiB; network_authorizer=AllowAllNetworkAuthorizer; networking_cache_size=null; num_tokens=16; otc_backlog_expiration_interval_ms=200; otc_coalescing_enough_coalesced_messages=8; otc_coalescing_strategy=DISABLED; otc_coalescing_window_us=200; page_size_fail_threshold=-1; page_size_warn_threshold=-1; partition_denylist_enabled=false; partition_keys_in_select_fail_threshold=-1; partition_keys_in_select_warn_threshold=-1; partitioner=org.apache.cassandra.dht.Murmur3Partitioner; paxos_cache_size=null; paxos_contention_max_wait=null; paxos_contention_min_delta=null; paxos_contention_min_wait=null; paxos_contention_wait_randomizer=null; paxos_on_linearizability_violations=ignore; paxos_purge_grace_period=60s; paxos_repair_enabled=true; paxos_repair_parallelism=-1; paxos_state_purging=null; paxos_topology_repair_no_dc_checks=false; paxos_topology_repair_strict_each_quorum=false; paxos_variant=v1; periodic_commitlog_sync_lag_block=null; permissions_cache_active_update=false; permissions_cache_max_entries=1000; permissions_update_interval=null; permissions_validity=2000ms; phi_convict_threshold=8.0; prepared_statements_cache_size=null; range_request_timeout=10000ms; range_tombstone_list_growth_factor=1.5; read_before_write_list_operations_enabled=true; read_consistency_levels_disallowed=[]; read_consistency_levels_warned=[]; read_request_timeout=5000ms; read_thresholds_enabled=false; reject_repair_compaction_threshold=2147483647; repair_command_pool_full_strategy=queue; repair_command_pool_size=0; repair_request_timeout=120000ms; repair_session_max_tree_depth=null; repair_session_space=null; repair_state_expires=3d; repair_state_size=100000; repaired_data_tracking_for_partition_reads_enabled=false; repaired_data_tracking_for_range_reads_enabled=false; report_unconfirmed_repaired_data_mismatches=false; request_timeout=10000ms; role_manager=CassandraRoleManager; roles_cache_active_update=false; roles_cache_max_entries=1000; roles_update_interval=null; roles_validity=2000ms; row_cache_class_name=org.apache.cassandra.cache.OHCProvider; row_cache_keys_to_save=2147483647; row_cache_save_period=0s; row_cache_size=0MiB; row_index_read_size_fail_threshold=null; row_index_read_size_warn_threshold=null; rpc_address=localhost; rpc_interface=null; rpc_interface_prefer_ipv6=false; rpc_keepalive=true; sasi_indexes_enabled=false; saved_caches_directory=null; scripted_user_defined_functions_enabled=false; secondary_indexes_enabled=true; secondary_indexes_per_table_fail_threshold=-1; secondary_indexes_per_table_warn_threshold=-1; seed_provider=org.apache.cassandra.locator.SimpleSeedProvider{seeds=127.0.0.1:7000}; server_encryption_options=<REDACTED>; skip_paxos_repair_on_topology_change=false; skip_paxos_repair_on_topology_change_keyspaces=[]; slow_query_log_timeout=500ms; snapshot_before_compaction=false; snapshot_links_per_second=0; snapshot_on_duplicate_row_detection=false; snapshot_on_repaired_data_mismatch=false; ssl_storage_port=7001; sstable_preemptive_open_interval=50MiB; start_native_transport=true; startup_checks={}; storage_port=7000; stream_entire_sstables=true; stream_throughput_outbound=24MiB/s; streaming_connections_per_host=1; streaming_keep_alive_period=300s; streaming_state_expires=3d; streaming_state_size=40MiB; table_count_warn_threshold=150; table_properties_disallowed=[]; table_properties_ignored=[]; table_properties_warned=[]; tables_fail_threshold=-1; tables_warn_threshold=-1; tombstone_failure_threshold=100000; tombstone_warn_threshold=1000; top_partitions_enabled=true; trace_type_query_ttl=1d; trace_type_repair_ttl=7d; transient_replication_enabled=false; transparent_data_encryption_options=org.apache.cassandra.config.TransparentDataEncryptionOptions@4ef27d66; traverse_auth_from_root=false; trickle_fsync=false; trickle_fsync_interval=10240KiB; truncate_request_timeout=60000ms; uncompressed_tables_enabled=true; unlogged_batch_across_partitions_warn_threshold=10; use_deterministic_table_id=false; use_offheap_merkle_trees=true; use_statements_enabled=true; user_defined_functions_enabled=false; user_defined_functions_fail_timeout=1500ms; user_defined_functions_threads_enabled=true; user_defined_functions_warn_timeout=500ms; user_function_timeout_policy=die; user_timestamps_enabled=true; uuid_sstable_identifiers_enabled=false; validation_preview_purge_head_start=3600s; windows_timer_interval=0; write_consistency_levels_disallowed=[]; write_consistency_levels_warned=[]; write_request_timeout=2000ms]
INFO  [main] 2025-06-09 17:48:40,417 DatabaseDescriptor.java:460 - DiskAccessMode 'auto' determined to be mmap, indexAccessMode is mmap
INFO  [main] 2025-06-09 17:48:40,417 DatabaseDescriptor.java:514 - Global memtable on-heap threshold is enabled at 2008MiB
INFO  [main] 2025-06-09 17:48:40,417 DatabaseDescriptor.java:518 - Global memtable off-heap threshold is enabled at 2008MiB
INFO  [main] 2025-06-09 17:48:40,419 DatabaseDescriptor.java:585 - Native transport rate-limiting disabled.
WARN  [main] 2025-06-09 17:48:40,432 DatabaseDescriptor.java:650 - Only 49.861GiB free across all data volumes. Consider adding more capacity to your cluster or removing obsolete snapshots
INFO  [main] 2025-06-09 17:48:40,796 JMXServerUtils.java:271 - Configured JMX server at: service:jmx:rmi://127.0.0.1/jndi/rmi://127.0.0.1:7199/jmxrmi
INFO  [main] 2025-06-09 17:48:40,800 CassandraDaemon.java:624 - Hostname: datastaxacad-ds201lab01-qw6fcztcqvm:7000:7001
INFO  [main] 2025-06-09 17:48:40,801 CassandraDaemon.java:631 - JVM vendor/version: OpenJDK 64-Bit Server VM/11.0.18
INFO  [main] 2025-06-09 17:48:40,801 CassandraDaemon.java:632 - Heap size: 7.844GiB/7.844GiB
INFO  [main] 2025-06-09 17:48:40,802 CassandraDaemon.java:637 - CodeHeap 'non-nmethods' Non-heap memory: init = 2555904(2496K) used = 3023744(2952K) committed = 3080192(3008K) max = 7598080(7420K)
INFO  [main] 2025-06-09 17:48:40,813 CassandraDaemon.java:637 - Metaspace Non-heap memory: init = 0(0K) used = 32338048(31580K) committed = 33288192(32508K) max = -1(-1K)
INFO  [main] 2025-06-09 17:48:40,814 CassandraDaemon.java:637 - CodeHeap 'profiled nmethods' Non-heap memory: init = 2555904(2496K) used = 5488768(5360K) committed = 5505024(5376K) max = 122028032(119168K)
INFO  [main] 2025-06-09 17:48:40,814 CassandraDaemon.java:637 - Compressed Class Space Non-heap memory: init = 0(0K) used = 3348360(3269K) committed = 3633152(3548K) max = 1073741824(1048576K)
INFO  [main] 2025-06-09 17:48:40,814 CassandraDaemon.java:637 - Par Eden Space Heap memory: init = 1342177280(1310720K) used = 402654008(393216K) committed = 1342177280(1310720K) max = 1342177280(1310720K)
INFO  [main] 2025-06-09 17:48:40,814 CassandraDaemon.java:637 - Par Survivor Space Heap memory: init = 167772160(163840K) used = 0(0K) committed = 167772160(163840K) max = 167772160(163840K)
INFO  [main] 2025-06-09 17:48:40,814 CassandraDaemon.java:637 - CodeHeap 'non-profiled nmethods' Non-heap memory: init = 2555904(2496K) used = 944384(922K) committed = 2555904(2496K) max = 122032128(119172K)
INFO  [main] 2025-06-09 17:48:40,814 CassandraDaemon.java:637 - CMS Old Gen Heap memory: init = 6912212992(6750208K) used = 0(0K) committed = 6912212992(6750208K) max = 6912212992(6750208K)
INFO  [main] 2025-06-09 17:48:40,815 CassandraDaemon.java:639 - Classpath: ./../conf:./../lib/HdrHistogram-2.1.9.jar:./../lib/ST4-4.0.8.jar:./../lib/airline-0.8.jar:./../lib/antlr-runtime-3.5.2.jar:./../lib/apache-cassandra-4.1.0.jar:./../lib/asm-9.1.jar:./../lib/caffeine-2.9.2.jar:./../lib/cassandra-driver-core-3.11.0-shaded.jar:./../lib/checker-qual-3.10.0.jar:./../lib/chronicle-bytes-2.20.111.jar:./../lib/chronicle-core-2.20.126.jar:./../lib/chronicle-queue-5.20.123.jar:./../lib/chronicle-threads-2.20.111.jar:./../lib/chronicle-wire-2.20.117.jar:./../lib/commons-cli-1.1.jar:./../lib/commons-codec-1.9.jar:./../lib/commons-lang3-3.11.jar:./../lib/commons-math3-3.2.jar:./../lib/concurrent-trees-2.4.0.jar:./../lib/ecj-4.6.1.jar:./../lib/error_prone_annotations-2.5.1.jar:./../lib/guava-27.0-jre.jar:./../lib/high-scale-lib-1.0.6.jar:./../lib/hppc-0.8.1.jar:./../lib/ipaddress-5.3.3.jar:./../lib/j2objc-annotations-1.3.jar:./../lib/jackson-annotations-2.13.2.jar:./../lib/jackson-core-2.13.2.jar:./../lib/jackson-databind-2.13.2.2.jar:./../lib/jackson-datatype-jsr310-2.13.2.jar:./../lib/jamm-0.3.2.jar:./../lib/java-cup-runtime-11b-20160615.jar:./../lib/javax.inject-1.jar:./../lib/jbcrypt-0.4.jar:./../lib/jcl-over-slf4j-1.7.25.jar:./../lib/jcommander-1.30.jar:./../lib/jctools-core-3.1.0.jar:./../lib/jflex-1.8.2.jar:./../lib/jna-5.9.0.jar:./../lib/json-simple-1.1.jar:./../lib/jsr305-2.0.2.jar:./../lib/jvm-attach-api-1.5.jar:./../lib/log4j-over-slf4j-1.7.25.jar:./../lib/logback-classic-1.2.9.jar:./../lib/logback-core-1.2.9.jar:./../lib/lz4-java-1.8.0.jar:./../lib/metrics-core-3.1.5.jar:./../lib/metrics-jvm-3.1.5.jar:./../lib/metrics-logback-3.1.5.jar:./../lib/mxdump-0.14.jar:./../lib/netty-all-4.1.58.Final.jar:./../lib/netty-tcnative-boringssl-static-2.0.36.Final.jar:./../lib/ohc-core-0.5.1.jar:./../lib/ohc-core-j8-0.5.1.jar:./../lib/psjava-0.1.19.jar:./../lib/reporter-config-base-3.0.3.jar:./../lib/reporter-config3-3.0.3.jar:./../lib/sigar-1.6.4.jar:./../lib/sjk-cli-0.14.jar:./../lib/sjk-core-0.14.jar:./../lib/sjk-json-0.14.jar:./../lib/sjk-stacktrace-0.14.jar:./../lib/slf4j-api-1.7.25.jar:./../lib/snakeyaml-1.26.jar:./../lib/snappy-java-1.1.8.4.jar:./../lib/snowball-stemmer-1.3.0.581.1.jar:./../lib/stream-2.5.2.jar:./../lib/zstd-jni-1.5.0-4.jar:./../lib/jsr223/*/*.jar:
INFO  [main] 2025-06-09 17:48:40,815 CassandraDaemon.java:641 - JVM Arguments: [-ea, -da:net.openhft..., -XX:+UseThreadPriorities, -XX:+HeapDumpOnOutOfMemoryError, -Xss256k, -XX:+AlwaysPreTouch, -XX:-UseBiasedLocking, -XX:+UseTLAB, -XX:+ResizeTLAB, -XX:+UseNUMA, -XX:+PerfDisableSharedMem, -Djava.net.preferIPv4Stack=true, -XX:+UseConcMarkSweepGC, -XX:+CMSParallelRemarkEnabled, -XX:SurvivorRatio=8, -XX:MaxTenuringThreshold=1, -XX:CMSInitiatingOccupancyFraction=75, -XX:+UseCMSInitiatingOccupancyOnly, -XX:CMSWaitDuration=10000, -XX:+CMSParallelInitialMarkEnabled, -XX:+CMSEdenChunksRecordAlways, -XX:+CMSClassUnloadingEnabled, -Djdk.attach.allowAttachSelf=true, --add-exports=java.base/jdk.internal.misc=ALL-UNNAMED, --add-exports=java.base/jdk.internal.ref=ALL-UNNAMED, --add-exports=java.base/sun.nio.ch=ALL-UNNAMED, --add-exports=java.management.rmi/com.sun.jmx.remote.internal.rmi=ALL-UNNAMED, --add-exports=java.rmi/sun.rmi.registry=ALL-UNNAMED, --add-exports=java.rmi/sun.rmi.server=ALL-UNNAMED, --add-exports=java.sql/java.sql=ALL-UNNAMED, --add-opens=java.base/java.lang.module=ALL-UNNAMED, --add-opens=java.base/jdk.internal.loader=ALL-UNNAMED, --add-opens=java.base/jdk.internal.ref=ALL-UNNAMED, --add-opens=java.base/jdk.internal.reflect=ALL-UNNAMED, --add-opens=java.base/jdk.internal.math=ALL-UNNAMED, --add-opens=java.base/jdk.internal.module=ALL-UNNAMED, --add-opens=java.base/jdk.internal.util.jar=ALL-UNNAMED, --add-opens=jdk.management/com.sun.management.internal=ALL-UNNAMED, -Dio.netty.tryReflectionSetAccessible=true, -Xlog:gc=info,heap*=trace,age*=debug,safepoint=info,promotion*=trace:file=./../logs/gc.log:time,uptime,pid,tid,level:filecount=10,filesize=10485760, -Xms8192M, -Xmx8192M, -Xmn1600M, -XX:+UseCondCardMark, -XX:CompileCommandFile=./../conf/hotspot_compiler, -javaagent:./../lib/jamm-0.3.2.jar, -Dcassandra.jmx.local.port=7199, -Dcom.sun.management.jmxremote.authenticate=false, -Dcom.sun.management.jmxremote.password.file=/etc/cassandra/jmxremote.password, -Djava.library.path=./../lib/sigar-bin, -XX:OnOutOfMemoryError=kill -9 %p, -Dlogback.configurationFile=logback.xml, -Dcassandra.logdir=./../logs, -Dcassandra.storagedir=./../data]
WARN  [main] 2025-06-09 17:48:40,868 NativeLibrary.java:199 - Unable to lock JVM memory (ENOMEM). This can result in part of the JVM being swapped out, especially with mmapped I/O enabled. Increase RLIMIT_MEMLOCK.
INFO  [ScheduledTasks:1] 2025-06-09 17:48:40,912 StreamManager.java:258 - Storing streaming state for 3d or for 134432 elements
INFO  [main] 2025-06-09 17:48:40,914 MonotonicClock.java:208 - Scheduling approximate time conversion task with an interval of 10000 milliseconds
INFO  [main] 2025-06-09 17:48:40,916 MonotonicClock.java:344 - Scheduling approximate time-check task with a precision of 2 milliseconds
WARN  [main] 2025-06-09 17:48:40,962 StartupChecks.java:200 - jemalloc shared library could not be preloaded to speed up memory allocations
WARN  [main] 2025-06-09 17:48:40,962 StartupChecks.java:258 - JMX is not enabled to receive remote connections. Please see cassandra-env.sh for more info.
INFO  [main] 2025-06-09 17:48:40,964 SigarLibrary.java:46 - Initializing SIGAR library
WARN  [main] 2025-06-09 17:48:40,973 SigarLibrary.java:172 - Cassandra server running in degraded mode. Is swap disabled? : false,  Address space adequate? : true,  nofile limit adequate? : true, nproc limit adequate? : true 
WARN  [main] 2025-06-09 17:48:40,974 StartupChecks.java:493 - Maximum number of memory map areas per process (vm.max_map_count) 65530 is too low, recommended value: 1048575, you can change it with sysctl.
INFO  [main] 2025-06-09 17:48:41,716 Keyspace.java:381 - Creating replication strategy system params KeyspaceParams{durable_writes=true, replication=ReplicationParams{class=org.apache.cassandra.locator.LocalStrategy}}
INFO  [main] 2025-06-09 17:48:41,746 ColumnFamilyStore.java:484 - Initializing system.IndexInfo
INFO  [main] 2025-06-09 17:48:42,312 ColumnFamilyStore.java:484 - Initializing system.batches
INFO  [main] 2025-06-09 17:48:42,318 ColumnFamilyStore.java:484 - Initializing system.paxos
INFO  [main] 2025-06-09 17:48:42,326 SecondaryIndexManager.java:210 - Index [PaxosUncommittedIndex] registered and writable.
INFO  [SecondaryIndexManagement:1] 2025-06-09 17:48:42,331 SecondaryIndexManager.java:665 - Index [PaxosUncommittedIndex] became queryable after successful build.
INFO  [main] 2025-06-09 17:48:42,335 ColumnFamilyStore.java:484 - Initializing system.paxos_repair_history
INFO  [main] 2025-06-09 17:48:42,340 ColumnFamilyStore.java:484 - Initializing system.local
INFO  [main] 2025-06-09 17:48:42,345 ColumnFamilyStore.java:484 - Initializing system.peers_v2
INFO  [main] 2025-06-09 17:48:42,350 ColumnFamilyStore.java:484 - Initializing system.peers
INFO  [main] 2025-06-09 17:48:42,355 ColumnFamilyStore.java:484 - Initializing system.peer_events_v2
INFO  [main] 2025-06-09 17:48:42,361 ColumnFamilyStore.java:484 - Initializing system.peer_events
INFO  [main] 2025-06-09 17:48:42,366 ColumnFamilyStore.java:484 - Initializing system.compaction_history
INFO  [main] 2025-06-09 17:48:42,371 ColumnFamilyStore.java:484 - Initializing system.sstable_activity
INFO  [main] 2025-06-09 17:48:42,376 ColumnFamilyStore.java:484 - Initializing system.sstable_activity_v2
INFO  [main] 2025-06-09 17:48:42,413 ColumnFamilyStore.java:484 - Initializing system.size_estimates
INFO  [main] 2025-06-09 17:48:42,419 ColumnFamilyStore.java:484 - Initializing system.table_estimates
INFO  [main] 2025-06-09 17:48:42,423 ColumnFamilyStore.java:484 - Initializing system.available_ranges_v2
INFO  [main] 2025-06-09 17:48:42,428 ColumnFamilyStore.java:484 - Initializing system.available_ranges
INFO  [main] 2025-06-09 17:48:42,433 ColumnFamilyStore.java:484 - Initializing system.transferred_ranges_v2
INFO  [main] 2025-06-09 17:48:42,437 ColumnFamilyStore.java:484 - Initializing system.transferred_ranges
INFO  [main] 2025-06-09 17:48:42,441 ColumnFamilyStore.java:484 - Initializing system.view_builds_in_progress
INFO  [main] 2025-06-09 17:48:42,446 ColumnFamilyStore.java:484 - Initializing system.built_views
INFO  [main] 2025-06-09 17:48:42,450 ColumnFamilyStore.java:484 - Initializing system.prepared_statements
INFO  [main] 2025-06-09 17:48:42,454 ColumnFamilyStore.java:484 - Initializing system.repairs
INFO  [main] 2025-06-09 17:48:42,457 ColumnFamilyStore.java:484 - Initializing system.top_partitions
INFO  [main] 2025-06-09 17:48:42,531 QueryProcessor.java:129 - Initialized prepared statement caches with 31 MiB
INFO  [main] 2025-06-09 17:48:42,610 Keyspace.java:381 - Creating replication strategy system_schema params KeyspaceParams{durable_writes=true, replication=ReplicationParams{class=org.apache.cassandra.locator.LocalStrategy}}
INFO  [main] 2025-06-09 17:48:42,613 ColumnFamilyStore.java:484 - Initializing system_schema.keyspaces
INFO  [main] 2025-06-09 17:48:42,620 ColumnFamilyStore.java:484 - Initializing system_schema.tables
INFO  [main] 2025-06-09 17:48:42,627 ColumnFamilyStore.java:484 - Initializing system_schema.columns
INFO  [main] 2025-06-09 17:48:42,634 ColumnFamilyStore.java:484 - Initializing system_schema.triggers
INFO  [main] 2025-06-09 17:48:42,639 ColumnFamilyStore.java:484 - Initializing system_schema.dropped_columns
INFO  [main] 2025-06-09 17:48:42,645 ColumnFamilyStore.java:484 - Initializing system_schema.views
INFO  [main] 2025-06-09 17:48:42,650 ColumnFamilyStore.java:484 - Initializing system_schema.types
INFO  [main] 2025-06-09 17:48:42,655 ColumnFamilyStore.java:484 - Initializing system_schema.functions
INFO  [main] 2025-06-09 17:48:42,660 ColumnFamilyStore.java:484 - Initializing system_schema.aggregates
INFO  [main] 2025-06-09 17:48:42,665 ColumnFamilyStore.java:484 - Initializing system_schema.indexes
INFO  [main] 2025-06-09 17:48:42,713 FileSystemOwnershipCheck.java:126 - Filesystem ownership check is not enabled.
INFO  [main] 2025-06-09 17:48:42,763 SystemKeyspaceMigrator41.java:184 - peers_v2 table was empty, migrating legacy peers, if this fails you should fix the issue and then truncate peers_v2 to have it try again.
INFO  [main] 2025-06-09 17:48:42,768 SystemKeyspaceMigrator41.java:193 - Migrating rows from legacy peers to peers_v2
INFO  [main] 2025-06-09 17:48:42,769 SystemKeyspaceMigrator41.java:202 - Migrated 0 rows from legacy peers to peers_v2
INFO  [main] 2025-06-09 17:48:42,769 SystemKeyspaceMigrator41.java:184 - peer_events_v2 table was empty, migrating legacy peer_events, if this fails you should fix the issue and then truncate peer_events_v2 to have it try again.
INFO  [main] 2025-06-09 17:48:42,770 SystemKeyspaceMigrator41.java:193 - Migrating rows from legacy peer_events to peer_events_v2
INFO  [main] 2025-06-09 17:48:42,771 SystemKeyspaceMigrator41.java:202 - Migrated 0 rows from legacy peer_events to peer_events_v2
INFO  [main] 2025-06-09 17:48:42,771 SystemKeyspaceMigrator41.java:184 - transferred_ranges_v2 table was empty, migrating legacy transferred_ranges, if this fails you should fix the issue and then truncate transferred_ranges_v2 to have it try again.
INFO  [main] 2025-06-09 17:48:42,772 SystemKeyspaceMigrator41.java:193 - Migrating rows from legacy transferred_ranges to transferred_ranges_v2
INFO  [main] 2025-06-09 17:48:42,772 SystemKeyspaceMigrator41.java:202 - Migrated 0 rows from legacy transferred_ranges to transferred_ranges_v2
INFO  [main] 2025-06-09 17:48:42,772 SystemKeyspaceMigrator41.java:184 - available_ranges_v2 table was empty, migrating legacy available_ranges, if this fails you should fix the issue and then truncate available_ranges_v2 to have it try again.
INFO  [main] 2025-06-09 17:48:42,773 SystemKeyspaceMigrator41.java:193 - Migrating rows from legacy available_ranges to available_ranges_v2
INFO  [main] 2025-06-09 17:48:42,773 SystemKeyspaceMigrator41.java:202 - Migrated 0 rows from legacy available_ranges to available_ranges_v2
INFO  [main] 2025-06-09 17:48:42,773 ColumnFamilyStore.java:2591 - Truncating system.sstable_activity_v2
INFO  [main] 2025-06-09 17:48:42,828 ColumnFamilyStore.java:2625 - Truncating system.sstable_activity_v2 with truncatedAt=1749491322814
INFO  [main] 2025-06-09 17:48:42,834 ActiveRepairService.java:234 - Storing repair state for 3d or for 100000 elements
INFO  [main] 2025-06-09 17:48:42,858 ColumnFamilyStore.java:1009 - Enqueuing flush of system.local, Reason: INTERNALLY_FORCED, Usage: 1.867KiB (0%) on-heap, 0.000KiB (0%) off-heap
INFO  [PerDiskMemtableFlushWriter_0:1] 2025-06-09 17:48:42,947 Flushing.java:145 - Writing Memtable-local@444585390(0.397KiB serialized bytes, 2 ops, 1.867KiB (0%) on-heap, 0.000KiB (0%) off-heap), flushed range = [null, null)
INFO  [PerDiskMemtableFlushWriter_0:1] 2025-06-09 17:48:42,952 Flushing.java:171 - Completed flushing /workspace/ds201-lab01/apache-cassandra-4.1.0/data/data/system/local-7ad54392bcdd35a684174e047860b377/nb-1-big-Data.db (0.192KiB) for commitlog position CommitLogPosition(segmentId=1749491320952, position=493)
INFO  [MemtableFlushWriter:2] 2025-06-09 17:48:42,992 LogTransaction.java:242 - Unfinished transaction log, deleting /workspace/ds201-lab01/apache-cassandra-4.1.0/data/data/system/local-7ad54392bcdd35a684174e047860b377/nb_txn_flush_fbdf59d0-4559-11f0-9b04-8b08186f7607.log 
INFO  [MemtableFlushWriter:2] 2025-06-09 17:48:42,996 CacheService.java:101 - Initializing key cache with capacity of 100 MiBs.
INFO  [MemtableFlushWriter:2] 2025-06-09 17:48:43,005 CacheService.java:123 - Initializing row cache with capacity of 0 MiBs
INFO  [MemtableFlushWriter:2] 2025-06-09 17:48:43,006 CacheService.java:152 - Initializing counter cache with capacity of 50 MiBs
INFO  [MemtableFlushWriter:2] 2025-06-09 17:48:43,007 CacheService.java:163 - Scheduling counter cache save to every 7200 seconds (going to save all keys).
INFO  [main] 2025-06-09 17:48:43,015 ColumnFamilyStore.java:2652 - Truncate of system.sstable_activity_v2 is complete
INFO  [main] 2025-06-09 17:48:43,015 SystemKeyspaceMigrator41.java:184 - sstable_activity_v2 table was empty, migrating legacy sstable_activity, if this fails you should fix the issue and then truncate sstable_activity_v2 to have it try again.
INFO  [main] 2025-06-09 17:48:43,016 SystemKeyspaceMigrator41.java:193 - Migrating rows from legacy sstable_activity to sstable_activity_v2
INFO  [main] 2025-06-09 17:48:43,017 SystemKeyspaceMigrator41.java:202 - Migrated 0 rows from legacy sstable_activity to sstable_activity_v2
INFO  [main] 2025-06-09 17:48:43,017 StorageService.java:894 - Populating token metadata from system tables
INFO  [main] 2025-06-09 17:48:43,031 BufferPools.java:49 - Global buffer pool limit is 512.000MiB for chunk-cache and 128.000MiB for networking
INFO  [main] 2025-06-09 17:48:43,090 StorageService.java:888 - Token metadata: 
INFO  [main] 2025-06-09 17:48:43,164 AutoSavingCache.java:168 - Completed loading (1 ms; 1 keys) KeyCache cache
INFO  [main] 2025-06-09 17:48:43,233 CommitLog.java:175 - No commitlog files found; skipping replay
INFO  [main] 2025-06-09 17:48:43,233 StorageService.java:894 - Populating token metadata from system tables
INFO  [main] 2025-06-09 17:48:43,269 StorageService.java:888 - Token metadata: 
INFO  [main] 2025-06-09 17:48:43,269 PaxosStateTracker.java:167 - Beginning uncommitted paxos data rebuild. Set -Dcassandra.skip_paxos_state_rebuild=true and restart to skip
INFO  [main] 2025-06-09 17:48:43,271 PaxosUncommittedTracker.java:223 - truncating paxos uncommitted info
INFO  [main] 2025-06-09 17:48:43,271 PaxosUncommittedTracker.java:233 - enabling PaxosUncommittedTracker
INFO  [main] 2025-06-09 17:48:43,311 PaxosStateTracker.java:306 - Uncommitted paxos data rebuild completed
INFO  [main] 2025-06-09 17:48:43,315 ColumnFamilyStore.java:2591 - Truncating system.size_estimates
INFO  [main] 2025-06-09 17:48:43,316 ColumnFamilyStore.java:2625 - Truncating system.size_estimates with truncatedAt=1749491323316
INFO  [main] 2025-06-09 17:48:43,317 ColumnFamilyStore.java:1009 - Enqueuing flush of system.local, Reason: INTERNALLY_FORCED, Usage: 0.576KiB (0%) on-heap, 0.000KiB (0%) off-heap
INFO  [PerDiskMemtableFlushWriter_0:2] 2025-06-09 17:48:43,322 Flushing.java:145 - Writing Memtable-local@2028296456(0.091KiB serialized bytes, 1 ops, 0.576KiB (0%) on-heap, 0.000KiB (0%) off-heap), flushed range = [null, null)
INFO  [PerDiskMemtableFlushWriter_0:2] 2025-06-09 17:48:43,323 Flushing.java:171 - Completed flushing /workspace/ds201-lab01/apache-cassandra-4.1.0/data/data/system/local-7ad54392bcdd35a684174e047860b377/nb-2-big-Data.db (0.063KiB) for commitlog position CommitLogPosition(segmentId=1749491320952, position=604)
INFO  [MemtableFlushWriter:2] 2025-06-09 17:48:43,333 LogTransaction.java:242 - Unfinished transaction log, deleting /workspace/ds201-lab01/apache-cassandra-4.1.0/data/data/system/local-7ad54392bcdd35a684174e047860b377/nb_txn_flush_fc251560-4559-11f0-9b04-8b08186f7607.log 
INFO  [main] 2025-06-09 17:48:43,336 ColumnFamilyStore.java:2652 - Truncate of system.size_estimates is complete
INFO  [main] 2025-06-09 17:48:43,336 ColumnFamilyStore.java:2591 - Truncating system.table_estimates
INFO  [main] 2025-06-09 17:48:43,337 ColumnFamilyStore.java:2625 - Truncating system.table_estimates with truncatedAt=1749491323337
INFO  [main] 2025-06-09 17:48:43,339 ColumnFamilyStore.java:1009 - Enqueuing flush of system.local, Reason: INTERNALLY_FORCED, Usage: 0.576KiB (0%) on-heap, 0.000KiB (0%) off-heap
INFO  [PerDiskMemtableFlushWriter_0:1] 2025-06-09 17:48:43,343 Flushing.java:145 - Writing Memtable-local@358968415(0.091KiB serialized bytes, 1 ops, 0.576KiB (0%) on-heap, 0.000KiB (0%) off-heap), flushed range = [null, null)
INFO  [PerDiskMemtableFlushWriter_0:1] 2025-06-09 17:48:43,344 Flushing.java:171 - Completed flushing /workspace/ds201-lab01/apache-cassandra-4.1.0/data/data/system/local-7ad54392bcdd35a684174e047860b377/nb-3-big-Data.db (0.063KiB) for commitlog position CommitLogPosition(segmentId=1749491320952, position=707)
INFO  [MemtableFlushWriter:2] 2025-06-09 17:48:43,351 LogTransaction.java:242 - Unfinished transaction log, deleting /workspace/ds201-lab01/apache-cassandra-4.1.0/data/data/system/local-7ad54392bcdd35a684174e047860b377/nb_txn_flush_fc2849b0-4559-11f0-9b04-8b08186f7607.log 
INFO  [main] 2025-06-09 17:48:43,354 ColumnFamilyStore.java:2652 - Truncate of system.table_estimates is complete
INFO  [main] 2025-06-09 17:48:43,360 QueryProcessor.java:181 - Preloaded 0 prepared statements
INFO  [main] 2025-06-09 17:48:43,360 StorageService.java:785 - Cassandra version: 4.1.0
INFO  [main] 2025-06-09 17:48:43,360 StorageService.java:786 - CQL version: 3.4.6
INFO  [main] 2025-06-09 17:48:43,361 StorageService.java:787 - Native protocol supported versions: 3/v3, 4/v4, 5/v5, 6/v6-beta (default: 5/v5)
INFO  [main] 2025-06-09 17:48:43,426 IndexSummaryManager.java:86 - Initializing index summary manager with a memory pool size of 401 MB and a resize interval of 60 minutes
INFO  [main] 2025-06-09 17:48:43,427 StorageService.java:804 - Loading persisted ring state
INFO  [main] 2025-06-09 17:48:43,427 StorageService.java:894 - Populating token metadata from system tables
INFO  [main] 2025-06-09 17:48:43,442 InboundConnectionInitiator.java:149 - Listening on address: (localhost/127.0.0.1:7000), nic: lo, encryption: unencrypted
WARN  [main] 2025-06-09 17:48:43,512 SystemKeyspace.java:1228 - No host ID found, created 0b607ebd-609a-4585-81ba-6cf8e61f4a56 (Note: This should happen exactly once per node).
INFO  [main] 2025-06-09 17:48:43,569 StorageService.java:697 - Unable to gossip with any peers but continuing anyway since node is in its own seed list
INFO  [main] 2025-06-09 17:48:43,714 StorageService.java:1020 - Starting up server gossip
INFO  [main] 2025-06-09 17:48:43,719 ColumnFamilyStore.java:1009 - Enqueuing flush of system.local, Reason: INTERNALLY_FORCED, Usage: 0.561KiB (0%) on-heap, 0.000KiB (0%) off-heap
INFO  [PerDiskMemtableFlushWriter_0:2] 2025-06-09 17:48:43,723 Flushing.java:145 - Writing Memtable-local@1981982820(0.079KiB serialized bytes, 2 ops, 0.561KiB (0%) on-heap, 0.000KiB (0%) off-heap), flushed range = [null, null)
INFO  [PerDiskMemtableFlushWriter_0:2] 2025-06-09 17:48:43,725 Flushing.java:171 - Completed flushing /workspace/ds201-lab01/apache-cassandra-4.1.0/data/data/system/local-7ad54392bcdd35a684174e047860b377/nb-4-big-Data.db (0.048KiB) for commitlog position CommitLogPosition(segmentId=1749491320952, position=871)
INFO  [MemtableFlushWriter:1] 2025-06-09 17:48:43,733 LogTransaction.java:242 - Unfinished transaction log, deleting /workspace/ds201-lab01/apache-cassandra-4.1.0/data/data/system/local-7ad54392bcdd35a684174e047860b377/nb_txn_flush_fc626c80-4559-11f0-9b04-8b08186f7607.log 
INFO  [main] 2025-06-09 17:48:44,039 MigrationCoordinator.java:255 - Starting migration coordinator and scheduling pulling schema versions every PT1M
INFO  [main] 2025-06-09 17:48:44,121 SnapshotManager.java:128 - Scheduling expired snapshot cleanup with initialDelaySeconds=5 and cleanupPeriodSeconds=60
INFO  [main] 2025-06-09 17:48:44,312 StorageService.java:1092 - This node will not auto bootstrap because it is configured to be a seed node.
INFO  [main] 2025-06-09 17:49:14,325 NetworkTopologyStrategy.java:93 - Configured datacenter replicas are datacenter1:rf(3)
INFO  [main] 2025-06-09 17:49:14,327 TokenAllocatorFactory.java:44 - Using ReplicationAwareTokenAllocator.
INFO  [main] 2025-06-09 17:49:14,353 TokenAllocation.java:106 - Selected tokens [4512758441456542586, -2725578123524926113, -7535928082766825547, 1621714060072467748, 8313647242729568695, -4661251881708300129, -213809277282310061, 6723642690215670057, 3433385634008940928, -5757293781943238418, -8514073535282939623, -1285309893622342873, 5756278447137134558, -3569954771016087869, 804042127460116954, 2697469941298047287]
INFO  [main] 2025-06-09 17:49:14,363 ColumnFamilyStore.java:1009 - Enqueuing flush of system_schema.columns, Reason: INTERNALLY_FORCED, Usage: 180.076KiB (0%) on-heap, 0.000KiB (0%) off-heap
INFO  [PerDiskMemtableFlushWriter_0:1] 2025-06-09 17:49:14,367 Flushing.java:145 - Writing Memtable-columns@1443989251(37.780KiB serialized bytes, 250 ops, 180.076KiB (0%) on-heap, 0.000KiB (0%) off-heap), flushed range = [null, null)
INFO  [PerDiskMemtableFlushWriter_0:1] 2025-06-09 17:49:14,378 Flushing.java:171 - Completed flushing /workspace/ds201-lab01/apache-cassandra-4.1.0/data/data/system_schema/columns-24101c25a2ae3af787c1b40ee1aca33f/nb-1-big-Data.db (18.605KiB) for commitlog position CommitLogPosition(segmentId=1749491320952, position=36759)
INFO  [MemtableFlushWriter:2] 2025-06-09 17:49:14,387 LogTransaction.java:242 - Unfinished transaction log, deleting /workspace/ds201-lab01/apache-cassandra-4.1.0/data/data/system_schema/columns-24101c25a2ae3af787c1b40ee1aca33f/nb_txn_flush_0ea62cb0-455a-11f0-9b04-8b08186f7607.log 
INFO  [main] 2025-06-09 17:49:14,389 ColumnFamilyStore.java:1009 - Enqueuing flush of system_schema.dropped_columns, Reason: INTERNALLY_FORCED, Usage: 1.081KiB (0%) on-heap, 0.000KiB (0%) off-heap
INFO  [PerDiskMemtableFlushWriter_0:2] 2025-06-09 17:49:14,393 Flushing.java:145 - Writing Memtable-dropped_columns@1914516088(0.120KiB serialized bytes, 3 ops, 1.081KiB (0%) on-heap, 0.000KiB (0%) off-heap), flushed range = [null, null)
INFO  [PerDiskMemtableFlushWriter_0:2] 2025-06-09 17:49:14,394 Flushing.java:171 - Completed flushing /workspace/ds201-lab01/apache-cassandra-4.1.0/data/data/system_schema/dropped_columns-5e7583b5f3f43af19a39b7e1d6f5f11f/nb-1-big-Data.db (0.097KiB) for commitlog position CommitLogPosition(segmentId=1749491320952, position=36759)
INFO  [MemtableFlushWriter:1] 2025-06-09 17:49:14,402 LogTransaction.java:242 - Unfinished transaction log, deleting /workspace/ds201-lab01/apache-cassandra-4.1.0/data/data/system_schema/dropped_columns-5e7583b5f3f43af19a39b7e1d6f5f11f/nb_txn_flush_0eaa2450-455a-11f0-9b04-8b08186f7607.log 
INFO  [main] 2025-06-09 17:49:14,404 ColumnFamilyStore.java:1009 - Enqueuing flush of system_schema.triggers, Reason: INTERNALLY_FORCED, Usage: 0.513KiB (0%) on-heap, 0.000KiB (0%) off-heap
INFO  [PerDiskMemtableFlushWriter_0:1] 2025-06-09 17:49:14,407 Flushing.java:145 - Writing Memtable-triggers@1195604627(0.016KiB serialized bytes, 2 ops, 0.513KiB (0%) on-heap, 0.000KiB (0%) off-heap), flushed range = [null, null)
INFO  [PerDiskMemtableFlushWriter_0:1] 2025-06-09 17:49:14,408 Flushing.java:171 - Completed flushing /workspace/ds201-lab01/apache-cassandra-4.1.0/data/data/system_schema/triggers-4df70b666b05325195a132b54005fd48/nb-1-big-Data.db (0.048KiB) for commitlog position CommitLogPosition(segmentId=1749491320952, position=36759)
INFO  [MemtableFlushWriter:2] 2025-06-09 17:49:14,414 LogTransaction.java:242 - Unfinished transaction log, deleting /workspace/ds201-lab01/apache-cassandra-4.1.0/data/data/system_schema/triggers-4df70b666b05325195a132b54005fd48/nb_txn_flush_0eac6e40-455a-11f0-9b04-8b08186f7607.log 
INFO  [main] 2025-06-09 17:49:14,415 ColumnFamilyStore.java:1009 - Enqueuing flush of system_schema.types, Reason: INTERNALLY_FORCED, Usage: 0.513KiB (0%) on-heap, 0.000KiB (0%) off-heap
INFO  [PerDiskMemtableFlushWriter_0:2] 2025-06-09 17:49:14,419 Flushing.java:145 - Writing Memtable-types@924820063(0.016KiB serialized bytes, 2 ops, 0.513KiB (0%) on-heap, 0.000KiB (0%) off-heap), flushed range = [null, null)
INFO  [PerDiskMemtableFlushWriter_0:2] 2025-06-09 17:49:14,419 Flushing.java:171 - Completed flushing /workspace/ds201-lab01/apache-cassandra-4.1.0/data/data/system_schema/types-5a8b1ca866023f77a0459273d308917a/nb-1-big-Data.db (0.048KiB) for commitlog position CommitLogPosition(segmentId=1749491320952, position=36759)
INFO  [MemtableFlushWriter:1] 2025-06-09 17:49:14,427 LogTransaction.java:242 - Unfinished transaction log, deleting /workspace/ds201-lab01/apache-cassandra-4.1.0/data/data/system_schema/types-5a8b1ca866023f77a0459273d308917a/nb_txn_flush_0eae4300-455a-11f0-9b04-8b08186f7607.log 
INFO  [main] 2025-06-09 17:49:14,428 ColumnFamilyStore.java:1009 - Enqueuing flush of system_schema.functions, Reason: INTERNALLY_FORCED, Usage: 0.513KiB (0%) on-heap, 0.000KiB (0%) off-heap
INFO  [PerDiskMemtableFlushWriter_0:1] 2025-06-09 17:49:14,432 Flushing.java:145 - Writing Memtable-functions@1317928587(0.016KiB serialized bytes, 2 ops, 0.513KiB (0%) on-heap, 0.000KiB (0%) off-heap), flushed range = [null, null)
INFO  [PerDiskMemtableFlushWriter_0:1] 2025-06-09 17:49:14,432 Flushing.java:171 - Completed flushing /workspace/ds201-lab01/apache-cassandra-4.1.0/data/data/system_schema/functions-96489b7980be3e14a70166a0b9159450/nb-1-big-Data.db (0.048KiB) for commitlog position CommitLogPosition(segmentId=1749491320952, position=36759)
INFO  [MemtableFlushWriter:2] 2025-06-09 17:49:14,439 LogTransaction.java:242 - Unfinished transaction log, deleting /workspace/ds201-lab01/apache-cassandra-4.1.0/data/data/system_schema/functions-96489b7980be3e14a70166a0b9159450/nb_txn_flush_0eb03ed0-455a-11f0-9b04-8b08186f7607.log 
INFO  [main] 2025-06-09 17:49:14,441 ColumnFamilyStore.java:1009 - Enqueuing flush of system_schema.aggregates, Reason: INTERNALLY_FORCED, Usage: 0.513KiB (0%) on-heap, 0.000KiB (0%) off-heap
INFO  [PerDiskMemtableFlushWriter_0:2] 2025-06-09 17:49:14,444 Flushing.java:145 - Writing Memtable-aggregates@1700823213(0.016KiB serialized bytes, 2 ops, 0.513KiB (0%) on-heap, 0.000KiB (0%) off-heap), flushed range = [null, null)
INFO  [PerDiskMemtableFlushWriter_0:2] 2025-06-09 17:49:14,444 Flushing.java:171 - Completed flushing /workspace/ds201-lab01/apache-cassandra-4.1.0/data/data/system_schema/aggregates-924c55872e3a345bb10c12f37c1ba895/nb-1-big-Data.db (0.048KiB) for commitlog position CommitLogPosition(segmentId=1749491320952, position=36767)
INFO  [MemtableFlushWriter:1] 2025-06-09 17:49:14,451 LogTransaction.java:242 - Unfinished transaction log, deleting /workspace/ds201-lab01/apache-cassandra-4.1.0/data/data/system_schema/aggregates-924c55872e3a345bb10c12f37c1ba895/nb_txn_flush_0eb21390-455a-11f0-9b04-8b08186f7607.log 
INFO  [main] 2025-06-09 17:49:14,453 ColumnFamilyStore.java:1009 - Enqueuing flush of system_schema.indexes, Reason: INTERNALLY_FORCED, Usage: 1.091KiB (0%) on-heap, 0.000KiB (0%) off-heap
INFO  [PerDiskMemtableFlushWriter_0:1] 2025-06-09 17:49:14,456 Flushing.java:145 - Writing Memtable-indexes@1890870417(0.200KiB serialized bytes, 3 ops, 1.091KiB (0%) on-heap, 0.000KiB (0%) off-heap), flushed range = [null, null)
INFO  [PerDiskMemtableFlushWriter_0:1] 2025-06-09 17:49:14,457 Flushing.java:171 - Completed flushing /workspace/ds201-lab01/apache-cassandra-4.1.0/data/data/system_schema/indexes-0feb57ac311f382fba6d9024d305702f/nb-1-big-Data.db (0.191KiB) for commitlog position CommitLogPosition(segmentId=1749491320952, position=36767)
INFO  [MemtableFlushWriter:2] 2025-06-09 17:49:14,463 LogTransaction.java:242 - Unfinished transaction log, deleting /workspace/ds201-lab01/apache-cassandra-4.1.0/data/data/system_schema/indexes-0feb57ac311f382fba6d9024d305702f/nb_txn_flush_0eb3e850-455a-11f0-9b04-8b08186f7607.log 
INFO  [main] 2025-06-09 17:49:14,464 ColumnFamilyStore.java:1009 - Enqueuing flush of system_schema.tables, Reason: INTERNALLY_FORCED, Usage: 82.252KiB (0%) on-heap, 0.000KiB (0%) off-heap
INFO  [PerDiskMemtableFlushWriter_0:2] 2025-06-09 17:49:14,467 Flushing.java:145 - Writing Memtable-tables@115504621(25.119KiB serialized bytes, 37 ops, 82.252KiB (0%) on-heap, 0.000KiB (0%) off-heap), flushed range = [null, null)
INFO  [PerDiskMemtableFlushWriter_0:2] 2025-06-09 17:49:14,470 Flushing.java:171 - Completed flushing /workspace/ds201-lab01/apache-cassandra-4.1.0/data/data/system_schema/tables-afddfb9dbc1e30688056eed6c302ba09/nb-1-big-Data.db (15.565KiB) for commitlog position CommitLogPosition(segmentId=1749491320952, position=36767)
INFO  [MemtableFlushWriter:1] 2025-06-09 17:49:14,476 LogTransaction.java:242 - Unfinished transaction log, deleting /workspace/ds201-lab01/apache-cassandra-4.1.0/data/data/system_schema/tables-afddfb9dbc1e30688056eed6c302ba09/nb_txn_flush_0eb5bd10-455a-11f0-9b04-8b08186f7607.log 
INFO  [main] 2025-06-09 17:49:14,478 ColumnFamilyStore.java:1009 - Enqueuing flush of system_schema.views, Reason: INTERNALLY_FORCED, Usage: 0.513KiB (0%) on-heap, 0.000KiB (0%) off-heap
INFO  [PerDiskMemtableFlushWriter_0:1] 2025-06-09 17:49:14,481 Flushing.java:145 - Writing Memtable-views@717741083(0.016KiB serialized bytes, 2 ops, 0.513KiB (0%) on-heap, 0.000KiB (0%) off-heap), flushed range = [null, null)
INFO  [PerDiskMemtableFlushWriter_0:1] 2025-06-09 17:49:14,481 Flushing.java:171 - Completed flushing /workspace/ds201-lab01/apache-cassandra-4.1.0/data/data/system_schema/views-9786ac1cdd583201a7cdad556410c985/nb-1-big-Data.db (0.048KiB) for commitlog position CommitLogPosition(segmentId=1749491320952, position=36767)
INFO  [MemtableFlushWriter:2] 2025-06-09 17:49:14,488 LogTransaction.java:242 - Unfinished transaction log, deleting /workspace/ds201-lab01/apache-cassandra-4.1.0/data/data/system_schema/views-9786ac1cdd583201a7cdad556410c985/nb_txn_flush_0eb7b8e0-455a-11f0-9b04-8b08186f7607.log 
INFO  [main] 2025-06-09 17:49:14,489 ColumnFamilyStore.java:1009 - Enqueuing flush of system_schema.keyspaces, Reason: INTERNALLY_FORCED, Usage: 1.960KiB (0%) on-heap, 0.000KiB (0%) off-heap
INFO  [PerDiskMemtableFlushWriter_0:2] 2025-06-09 17:49:14,492 Flushing.java:145 - Writing Memtable-keyspaces@494340539(0.382KiB serialized bytes, 5 ops, 1.960KiB (0%) on-heap, 0.000KiB (0%) off-heap), flushed range = [null, null)
INFO  [PerDiskMemtableFlushWriter_0:2] 2025-06-09 17:49:14,493 Flushing.java:171 - Completed flushing /workspace/ds201-lab01/apache-cassandra-4.1.0/data/data/system_schema/keyspaces-abac5682dea631c5b535b3d6cffd0fb6/nb-1-big-Data.db (0.311KiB) for commitlog position CommitLogPosition(segmentId=1749491320952, position=36767)
INFO  [MemtableFlushWriter:1] 2025-06-09 17:49:14,501 LogTransaction.java:242 - Unfinished transaction log, deleting /workspace/ds201-lab01/apache-cassandra-4.1.0/data/data/system_schema/keyspaces-abac5682dea631c5b535b3d6cffd0fb6/nb_txn_flush_0eb98da0-455a-11f0-9b04-8b08186f7607.log 
INFO  [main] 2025-06-09 17:49:14,524 Keyspace.java:381 - Creating replication strategy system_traces params KeyspaceParams{durable_writes=true, replication=ReplicationParams{class=org.apache.cassandra.locator.SimpleStrategy, replication_factor=2}}
INFO  [main] 2025-06-09 17:49:14,529 ColumnFamilyStore.java:484 - Initializing system_traces.sessions
INFO  [main] 2025-06-09 17:49:14,535 ColumnFamilyStore.java:484 - Initializing system_traces.events
INFO  [main] 2025-06-09 17:49:14,560 ColumnFamilyStore.java:1009 - Enqueuing flush of system_schema.columns, Reason: INTERNALLY_FORCED, Usage: 23.672KiB (0%) on-heap, 0.000KiB (0%) off-heap
INFO  [PerDiskMemtableFlushWriter_0:1] 2025-06-09 17:49:14,564 Flushing.java:145 - Writing Memtable-columns@1988930610(5.126KiB serialized bytes, 32 ops, 23.672KiB (0%) on-heap, 0.000KiB (0%) off-heap), flushed range = [null, null)
INFO  [PerDiskMemtableFlushWriter_0:1] 2025-06-09 17:49:14,565 Flushing.java:171 - Completed flushing /workspace/ds201-lab01/apache-cassandra-4.1.0/data/data/system_schema/columns-24101c25a2ae3af787c1b40ee1aca33f/nb-2-big-Data.db (2.494KiB) for commitlog position CommitLogPosition(segmentId=1749491320952, position=41866)
INFO  [MemtableFlushWriter:2] 2025-06-09 17:49:14,573 LogTransaction.java:242 - Unfinished transaction log, deleting /workspace/ds201-lab01/apache-cassandra-4.1.0/data/data/system_schema/columns-24101c25a2ae3af787c1b40ee1aca33f/nb_txn_flush_0ec46310-455a-11f0-9b04-8b08186f7607.log 
INFO  [main] 2025-06-09 17:49:14,611 ColumnFamilyStore.java:1009 - Enqueuing flush of system_schema.tables, Reason: INTERNALLY_FORCED, Usage: 9.696KiB (0%) on-heap, 0.000KiB (0%) off-heap
INFO  [PerDiskMemtableFlushWriter_0:2] 2025-06-09 17:49:14,616 Flushing.java:145 - Writing Memtable-tables@1462787344(3.006KiB serialized bytes, 4 ops, 9.696KiB (0%) on-heap, 0.000KiB (0%) off-heap), flushed range = [null, null)
INFO  [PerDiskMemtableFlushWriter_0:2] 2025-06-09 17:49:14,617 Flushing.java:171 - Completed flushing /workspace/ds201-lab01/apache-cassandra-4.1.0/data/data/system_schema/tables-afddfb9dbc1e30688056eed6c302ba09/nb-2-big-Data.db (1.910KiB) for commitlog position CommitLogPosition(segmentId=1749491320952, position=41866)
INFO  [MemtableFlushWriter:1] 2025-06-09 17:49:14,626 LogTransaction.java:242 - Unfinished transaction log, deleting /workspace/ds201-lab01/apache-cassandra-4.1.0/data/data/system_schema/tables-afddfb9dbc1e30688056eed6c302ba09/nb_txn_flush_0ecc2b40-455a-11f0-9b04-8b08186f7607.log 
INFO  [main] 2025-06-09 17:49:14,628 ColumnFamilyStore.java:1009 - Enqueuing flush of system_schema.keyspaces, Reason: INTERNALLY_FORCED, Usage: 0.647KiB (0%) on-heap, 0.000KiB (0%) off-heap
INFO  [PerDiskMemtableFlushWriter_0:1] 2025-06-09 17:49:14,633 Flushing.java:145 - Writing Memtable-keyspaces@1473539534(0.146KiB serialized bytes, 1 ops, 0.647KiB (0%) on-heap, 0.000KiB (0%) off-heap), flushed range = [null, null)
INFO  [PerDiskMemtableFlushWriter_0:1] 2025-06-09 17:49:14,634 Flushing.java:171 - Completed flushing /workspace/ds201-lab01/apache-cassandra-4.1.0/data/data/system_schema/keyspaces-abac5682dea631c5b535b3d6cffd0fb6/nb-2-big-Data.db (0.125KiB) for commitlog position CommitLogPosition(segmentId=1749491320952, position=41866)
INFO  [MemtableFlushWriter:2] 2025-06-09 17:49:14,642 LogTransaction.java:242 - Unfinished transaction log, deleting /workspace/ds201-lab01/apache-cassandra-4.1.0/data/data/system_schema/keyspaces-abac5682dea631c5b535b3d6cffd0fb6/nb_txn_flush_0ecec350-455a-11f0-9b04-8b08186f7607.log 
INFO  [main] 2025-06-09 17:49:14,710 Keyspace.java:381 - Creating replication strategy system_distributed params KeyspaceParams{durable_writes=true, replication=ReplicationParams{class=org.apache.cassandra.locator.SimpleStrategy, replication_factor=3}}
INFO  [main] 2025-06-09 17:49:14,713 ColumnFamilyStore.java:484 - Initializing system_distributed.repair_history
INFO  [main] 2025-06-09 17:49:14,720 ColumnFamilyStore.java:484 - Initializing system_distributed.parent_repair_history
INFO  [main] 2025-06-09 17:49:14,726 ColumnFamilyStore.java:484 - Initializing system_distributed.view_build_status
INFO  [main] 2025-06-09 17:49:14,731 ColumnFamilyStore.java:484 - Initializing system_distributed.partition_denylist
INFO  [main] 2025-06-09 17:49:14,744 ColumnFamilyStore.java:1009 - Enqueuing flush of system_schema.columns, Reason: INTERNALLY_FORCED, Usage: 10.313KiB (0%) on-heap, 0.000KiB (0%) off-heap
INFO  [PerDiskMemtableFlushWriter_0:2] 2025-06-09 17:49:14,748 Flushing.java:145 - Writing Memtable-columns@917822131(2.092KiB serialized bytes, 14 ops, 10.313KiB (0%) on-heap, 0.000KiB (0%) off-heap), flushed range = [null, null)
INFO  [PerDiskMemtableFlushWriter_0:2] 2025-06-09 17:49:14,749 Flushing.java:171 - Completed flushing /workspace/ds201-lab01/apache-cassandra-4.1.0/data/data/system_schema/columns-24101c25a2ae3af787c1b40ee1aca33f/nb-3-big-Data.db (0.947KiB) for commitlog position CommitLogPosition(segmentId=1749491320952, position=45746)
INFO  [MemtableFlushWriter:1] 2025-06-09 17:49:14,758 LogTransaction.java:242 - Unfinished transaction log, deleting /workspace/ds201-lab01/apache-cassandra-4.1.0/data/data/system_schema/columns-24101c25a2ae3af787c1b40ee1aca33f/nb_txn_flush_0ee07690-455a-11f0-9b04-8b08186f7607.log 
INFO  [main] 2025-06-09 17:49:14,760 ColumnFamilyStore.java:1009 - Enqueuing flush of system_schema.tables, Reason: INTERNALLY_FORCED, Usage: 11.907KiB (0%) on-heap, 0.000KiB (0%) off-heap
INFO  [PerDiskMemtableFlushWriter_0:1] 2025-06-09 17:49:14,813 Flushing.java:145 - Writing Memtable-tables@77007689(3.619KiB serialized bytes, 5 ops, 11.907KiB (0%) on-heap, 0.000KiB (0%) off-heap), flushed range = [null, null)
INFO  [PerDiskMemtableFlushWriter_0:1] 2025-06-09 17:49:14,814 Flushing.java:171 - Completed flushing /workspace/ds201-lab01/apache-cassandra-4.1.0/data/data/system_schema/tables-afddfb9dbc1e30688056eed6c302ba09/nb-3-big-Data.db (2.234KiB) for commitlog position CommitLogPosition(segmentId=1749491320952, position=45746)
INFO  [MemtableFlushWriter:2] 2025-06-09 17:49:14,821 LogTransaction.java:242 - Unfinished transaction log, deleting /workspace/ds201-lab01/apache-cassandra-4.1.0/data/data/system_schema/tables-afddfb9dbc1e30688056eed6c302ba09/nb_txn_flush_0eea3a90-455a-11f0-9b04-8b08186f7607.log 
INFO  [main] 2025-06-09 17:49:14,823 ColumnFamilyStore.java:1009 - Enqueuing flush of system_schema.keyspaces, Reason: INTERNALLY_FORCED, Usage: 0.641KiB (0%) on-heap, 0.000KiB (0%) off-heap
INFO  [PerDiskMemtableFlushWriter_0:2] 2025-06-09 17:49:14,828 Flushing.java:145 - Writing Memtable-keyspaces@602709141(0.146KiB serialized bytes, 1 ops, 0.641KiB (0%) on-heap, 0.000KiB (0%) off-heap), flushed range = [null, null)
INFO  [PerDiskMemtableFlushWriter_0:2] 2025-06-09 17:49:14,829 Flushing.java:171 - Completed flushing /workspace/ds201-lab01/apache-cassandra-4.1.0/data/data/system_schema/keyspaces-abac5682dea631c5b535b3d6cffd0fb6/nb-3-big-Data.db (0.118KiB) for commitlog position CommitLogPosition(segmentId=1749491320952, position=45746)
INFO  [MemtableFlushWriter:1] 2025-06-09 17:49:14,839 LogTransaction.java:242 - Unfinished transaction log, deleting /workspace/ds201-lab01/apache-cassandra-4.1.0/data/data/system_schema/keyspaces-abac5682dea631c5b535b3d6cffd0fb6/nb_txn_flush_0eec8480-455a-11f0-9b04-8b08186f7607.log 
INFO  [main] 2025-06-09 17:49:14,854 Keyspace.java:381 - Creating replication strategy system_auth params KeyspaceParams{durable_writes=true, replication=ReplicationParams{class=org.apache.cassandra.locator.SimpleStrategy, replication_factor=1}}
INFO  [main] 2025-06-09 17:49:14,857 ColumnFamilyStore.java:484 - Initializing system_auth.roles
INFO  [main] 2025-06-09 17:49:14,860 ColumnFamilyStore.java:484 - Initializing system_auth.role_members
INFO  [main] 2025-06-09 17:49:14,914 ColumnFamilyStore.java:484 - Initializing system_auth.role_permissions
INFO  [main] 2025-06-09 17:49:14,919 ColumnFamilyStore.java:484 - Initializing system_auth.resource_role_permissons_index
INFO  [main] 2025-06-09 17:49:14,924 ColumnFamilyStore.java:484 - Initializing system_auth.network_permissions
INFO  [main] 2025-06-09 17:49:14,929 StorageService.java:1789 - JOINING: Finish joining ring
INFO  [main] 2025-06-09 17:49:14,933 ColumnFamilyStore.java:1009 - Enqueuing flush of system.local, Reason: INTERNALLY_FORCED, Usage: 0.597KiB (0%) on-heap, 0.000KiB (0%) off-heap
INFO  [PerDiskMemtableFlushWriter_0:1] 2025-06-09 17:49:14,938 Flushing.java:145 - Writing Memtable-local@279193796(0.084KiB serialized bytes, 4 ops, 0.597KiB (0%) on-heap, 0.000KiB (0%) off-heap), flushed range = [null, null)
INFO  [PerDiskMemtableFlushWriter_0:1] 2025-06-09 17:49:14,939 Flushing.java:171 - Completed flushing /workspace/ds201-lab01/apache-cassandra-4.1.0/data/data/system/local-7ad54392bcdd35a684174e047860b377/nb-5-big-Data.db (0.056KiB) for commitlog position CommitLogPosition(segmentId=1749491320952, position=45918)
INFO  [MemtableFlushWriter:2] 2025-06-09 17:49:14,946 LogTransaction.java:242 - Unfinished transaction log, deleting /workspace/ds201-lab01/apache-cassandra-4.1.0/data/data/system/local-7ad54392bcdd35a684174e047860b377/nb_txn_flush_0efd4d60-455a-11f0-9b04-8b08186f7607.log 
INFO  [main] 2025-06-09 17:49:14,955 ColumnFamilyStore.java:1009 - Enqueuing flush of system.local, Reason: INTERNALLY_FORCED, Usage: 3.426KiB (0%) on-heap, 0.000KiB (0%) off-heap
INFO  [PerDiskMemtableFlushWriter_0:2] 2025-06-09 17:49:14,959 Flushing.java:145 - Writing Memtable-local@108225410(0.593KiB serialized bytes, 1 ops, 3.426KiB (0%) on-heap, 0.000KiB (0%) off-heap), flushed range = [null, null)
INFO  [PerDiskMemtableFlushWriter_0:2] 2025-06-09 17:49:14,960 Flushing.java:171 - Completed flushing /workspace/ds201-lab01/apache-cassandra-4.1.0/data/data/system/local-7ad54392bcdd35a684174e047860b377/nb-6-big-Data.db (0.361KiB) for commitlog position CommitLogPosition(segmentId=1749491320952, position=46324)
INFO  [MemtableFlushWriter:1] 2025-06-09 17:49:14,966 LogTransaction.java:242 - Unfinished transaction log, deleting /workspace/ds201-lab01/apache-cassandra-4.1.0/data/data/system/local-7ad54392bcdd35a684174e047860b377/nb_txn_flush_0f0081b0-455a-11f0-9b04-8b08186f7607.log 
INFO  [main] 2025-06-09 17:49:15,013 StorageService.java:2971 - Node localhost/127.0.0.1:7000 state jump to NORMAL
INFO  [main] 2025-06-09 17:49:15,031 CassandraDaemon.java:492 - Prewarming of auth caches is disabled
INFO  [main] 2025-06-09 17:49:15,047 NativeTransportService.java:130 - Using Netty Version: [netty-buffer=netty-buffer-4.1.58.Final.10b03e6, netty-codec=netty-codec-4.1.58.Final.10b03e6, netty-codec-dns=netty-codec-dns-4.1.58.Final.10b03e6, netty-codec-haproxy=netty-codec-haproxy-4.1.58.Final.10b03e6, netty-codec-http=netty-codec-http-4.1.58.Final.10b03e6, netty-codec-http2=netty-codec-http2-4.1.58.Final.10b03e6, netty-codec-memcache=netty-codec-memcache-4.1.58.Final.10b03e6, netty-codec-mqtt=netty-codec-mqtt-4.1.58.Final.10b03e6, netty-codec-redis=netty-codec-redis-4.1.58.Final.10b03e6, netty-codec-smtp=netty-codec-smtp-4.1.58.Final.10b03e6, netty-codec-socks=netty-codec-socks-4.1.58.Final.10b03e6, netty-codec-stomp=netty-codec-stomp-4.1.58.Final.10b03e6, netty-codec-xml=netty-codec-xml-4.1.58.Final.10b03e6, netty-common=netty-common-4.1.58.Final.10b03e6, netty-handler=netty-handler-4.1.58.Final.10b03e6, netty-handler-proxy=netty-handler-proxy-4.1.58.Final.10b03e6, netty-resolver=netty-resolver-4.1.58.Final.10b03e6, netty-resolver-dns=netty-resolver-dns-4.1.58.Final.10b03e6, netty-resolver-dns-native-macos=netty-resolver-dns-native-macos-4.1.58.Final.10b03e65f1, netty-transport=netty-transport-4.1.58.Final.10b03e6, netty-transport-native-epoll=netty-transport-native-epoll-4.1.58.Final.10b03e6, netty-transport-native-kqueue=netty-transport-native-kqueue-4.1.58.Final.10b03e65f1, netty-transport-native-unix-common=netty-transport-native-unix-common-4.1.58.Final.10b03e6, netty-transport-rxtx=netty-transport-rxtx-4.1.58.Final.10b03e6, netty-transport-sctp=netty-transport-sctp-4.1.58.Final.10b03e6, netty-transport-udt=netty-transport-udt-4.1.58.Final.10b03e6]
INFO  [CompactionExecutor:1] 2025-06-09 17:49:15,048 CompactionTask.java:158 - Compacting (0f0da110-455a-11f0-9b04-8b08186f7607) [/workspace/ds201-lab01/apache-cassandra-4.1.0/data/data/system/local-7ad54392bcdd35a684174e047860b377/nb-1-big-Data.db:level=0, /workspace/ds201-lab01/apache-cassandra-4.1.0/data/data/system/local-7ad54392bcdd35a684174e047860b377/nb-6-big-Data.db:level=0, /workspace/ds201-lab01/apache-cassandra-4.1.0/data/data/system/local-7ad54392bcdd35a684174e047860b377/nb-4-big-Data.db:level=0, /workspace/ds201-lab01/apache-cassandra-4.1.0/data/data/system/local-7ad54392bcdd35a684174e047860b377/nb-5-big-Data.db:level=0, /workspace/ds201-lab01/apache-cassandra-4.1.0/data/data/system/local-7ad54392bcdd35a684174e047860b377/nb-3-big-Data.db:level=0, /workspace/ds201-lab01/apache-cassandra-4.1.0/data/data/system/local-7ad54392bcdd35a684174e047860b377/nb-2-big-Data.db:level=0, ]
INFO  [main] 2025-06-09 17:49:15,098 NativeTransportService.java:68 - Netty using native Epoll event loop
INFO  [main] 2025-06-09 17:49:15,132 PipelineConfigurator.java:125 - Using Netty Version: [netty-buffer=netty-buffer-4.1.58.Final.10b03e6, netty-codec=netty-codec-4.1.58.Final.10b03e6, netty-codec-dns=netty-codec-dns-4.1.58.Final.10b03e6, netty-codec-haproxy=netty-codec-haproxy-4.1.58.Final.10b03e6, netty-codec-http=netty-codec-http-4.1.58.Final.10b03e6, netty-codec-http2=netty-codec-http2-4.1.58.Final.10b03e6, netty-codec-memcache=netty-codec-memcache-4.1.58.Final.10b03e6, netty-codec-mqtt=netty-codec-mqtt-4.1.58.Final.10b03e6, netty-codec-redis=netty-codec-redis-4.1.58.Final.10b03e6, netty-codec-smtp=netty-codec-smtp-4.1.58.Final.10b03e6, netty-codec-socks=netty-codec-socks-4.1.58.Final.10b03e6, netty-codec-stomp=netty-codec-stomp-4.1.58.Final.10b03e6, netty-codec-xml=netty-codec-xml-4.1.58.Final.10b03e6, netty-common=netty-common-4.1.58.Final.10b03e6, netty-handler=netty-handler-4.1.58.Final.10b03e6, netty-handler-proxy=netty-handler-proxy-4.1.58.Final.10b03e6, netty-resolver=netty-resolver-4.1.58.Final.10b03e6, netty-resolver-dns=netty-resolver-dns-4.1.58.Final.10b03e6, netty-resolver-dns-native-macos=netty-resolver-dns-native-macos-4.1.58.Final.10b03e65f1, netty-transport=netty-transport-4.1.58.Final.10b03e6, netty-transport-native-epoll=netty-transport-native-epoll-4.1.58.Final.10b03e6, netty-transport-native-kqueue=netty-transport-native-kqueue-4.1.58.Final.10b03e65f1, netty-transport-native-unix-common=netty-transport-native-unix-common-4.1.58.Final.10b03e6, netty-transport-rxtx=netty-transport-rxtx-4.1.58.Final.10b03e6, netty-transport-sctp=netty-transport-sctp-4.1.58.Final.10b03e6, netty-transport-udt=netty-transport-udt-4.1.58.Final.10b03e6]
INFO  [main] 2025-06-09 17:49:15,133 PipelineConfigurator.java:126 - Starting listening for CQL clients on localhost/127.0.0.1:9042 (unencrypted)...
INFO  [main] 2025-06-09 17:49:15,137 CassandraDaemon.java:769 - Startup complete
INFO  [CompactionExecutor:1] 2025-06-09 17:49:15,141 CompactionTask.java:247 - Compacted (0f0da110-455a-11f0-9b04-8b08186f7607) 6 sstables to [/workspace/ds201-lab01/apache-cassandra-4.1.0/data/data/system/local-7ad54392bcdd35a684174e047860b377/nb-7-big,] to level=0.  0.810KiB to 0.659KiB (~81% of original) in 90ms.  Read Throughput = 8.932KiB/s, Write Throughput = 7.272KiB/s, Row Throughput = ~2/s.  6 total partitions merged to 1.  Partition merge counts were {6:1, }. Time spent writing keys = 70ms
INFO  [NonPeriodicTasks:1] 2025-06-09 17:49:15,142 SSTable.java:127 - Deleting sstable: /workspace/ds201-lab01/apache-cassandra-4.1.0/data/data/system/local-7ad54392bcdd35a684174e047860b377/nb-1-big
INFO  [NonPeriodicTasks:1] 2025-06-09 17:49:15,144 SSTable.java:127 - Deleting sstable: /workspace/ds201-lab01/apache-cassandra-4.1.0/data/data/system/local-7ad54392bcdd35a684174e047860b377/nb-6-big
INFO  [NonPeriodicTasks:1] 2025-06-09 17:49:15,145 SSTable.java:127 - Deleting sstable: /workspace/ds201-lab01/apache-cassandra-4.1.0/data/data/system/local-7ad54392bcdd35a684174e047860b377/nb-4-big
INFO  [NonPeriodicTasks:1] 2025-06-09 17:49:15,147 SSTable.java:127 - Deleting sstable: /workspace/ds201-lab01/apache-cassandra-4.1.0/data/data/system/local-7ad54392bcdd35a684174e047860b377/nb-5-big
INFO  [NonPeriodicTasks:1] 2025-06-09 17:49:15,148 SSTable.java:127 - Deleting sstable: /workspace/ds201-lab01/apache-cassandra-4.1.0/data/data/system/local-7ad54392bcdd35a684174e047860b377/nb-3-big
INFO  [NonPeriodicTasks:1] 2025-06-09 17:49:15,149 SSTable.java:127 - Deleting sstable: /workspace/ds201-lab01/apache-cassandra-4.1.0/data/data/system/local-7ad54392bcdd35a684174e047860b377/nb-2-big
INFO  [OptionalTasks:1] 2025-06-09 17:49:25,139 CassandraRoleManager.java:354 - Created default superuser role 'cassandra'
